2025-01-06 14:19:30,922 - INFO - т 8 checkpoint郎
2025-01-06 14:19:30,925 - ERROR - 更Jtmゅンア毖 D:\Git\robotlearning\yolo_inference_test\anomalib_model\config.yaml: [Errno 2] No such file or directory: 'D:\\Git\\robotlearning\\yolo_inference_test\\anomalib_model\\config.yaml'
2025-01-06 14:19:30,926 - WARNING - FeatureExtractor is deprecated. Use TimmFeatureExtractor instead. Both FeatureExtractor and TimmFeatureExtractor will be removed in a future release.
2025-01-06 14:19:31,897 - INFO - Loading pretrained weights from url (https://github.com/rwightman/pytorch-image-models/releases/download/v0.1-weights/wide_resnet50_racm-8234f177.pth)
2025-01-06 14:19:32,142 - INFO - Θ\更Jcheckpoint: D:\Git\robotlearning\yolo_inference_test\anomalib_model\con1_model.ckpt
2025-01-06 14:19:33,524 - ERROR - 旧XONNX家ア毖: Module onnx is not installed!
2025-01-06 14:19:33,524 - ERROR - Bz家 D:\Git\robotlearning\yolo_inference_test\anomalib_model\con1_model.ckpt 傻oネ岿~: Module onnx is not installed!
2025-01-06 14:19:33,538 - ERROR - 更Jtmゅンア毖 D:\Git\robotlearning\yolo_inference_test\anomalib_model\config.yaml: [Errno 2] No such file or directory: 'D:\\Git\\robotlearning\\yolo_inference_test\\anomalib_model\\config.yaml'
2025-01-06 14:19:33,538 - WARNING - FeatureExtractor is deprecated. Use TimmFeatureExtractor instead. Both FeatureExtractor and TimmFeatureExtractor will be removed in a future release.
2025-01-06 14:19:34,504 - INFO - Loading pretrained weights from url (https://github.com/rwightman/pytorch-image-models/releases/download/v0.1-weights/wide_resnet50_racm-8234f177.pth)
2025-01-06 14:19:35,200 - INFO - Θ\更Jcheckpoint: D:\Git\robotlearning\yolo_inference_test\anomalib_model\con1_v20_model.ckpt
2025-01-06 14:19:57,378 - ERROR - 旧XONNX家ア毖: Module onnx is not installed!
2025-01-06 14:19:57,384 - ERROR - Bz家 D:\Git\robotlearning\yolo_inference_test\anomalib_model\con1_v20_model.ckpt 傻oネ岿~: Module onnx is not installed!
2025-01-06 14:19:57,641 - ERROR - 更Jtmゅンア毖 D:\Git\robotlearning\yolo_inference_test\anomalib_model\config.yaml: [Errno 2] No such file or directory: 'D:\\Git\\robotlearning\\yolo_inference_test\\anomalib_model\\config.yaml'
2025-01-06 14:19:57,642 - WARNING - FeatureExtractor is deprecated. Use TimmFeatureExtractor instead. Both FeatureExtractor and TimmFeatureExtractor will be removed in a future release.
2025-01-06 14:19:58,730 - INFO - Loading pretrained weights from url (https://github.com/rwightman/pytorch-image-models/releases/download/v0.1-weights/wide_resnet50_racm-8234f177.pth)
2025-01-06 14:19:59,834 - INFO - Θ\更Jcheckpoint: D:\Git\robotlearning\yolo_inference_test\anomalib_model\con1_v8_model.ckpt
2025-01-06 14:20:13,143 - ERROR - 旧XONNX家ア毖: Module onnx is not installed!
2025-01-06 14:20:13,143 - ERROR - Bz家 D:\Git\robotlearning\yolo_inference_test\anomalib_model\con1_v8_model.ckpt 傻oネ岿~: Module onnx is not installed!
2025-01-06 14:20:13,238 - ERROR - 更Jtmゅンア毖 D:\Git\robotlearning\yolo_inference_test\anomalib_model\config.yaml: [Errno 2] No such file or directory: 'D:\\Git\\robotlearning\\yolo_inference_test\\anomalib_model\\config.yaml'
2025-01-06 14:20:13,239 - WARNING - FeatureExtractor is deprecated. Use TimmFeatureExtractor instead. Both FeatureExtractor and TimmFeatureExtractor will be removed in a future release.
2025-01-06 14:20:14,278 - INFO - Loading pretrained weights from url (https://github.com/rwightman/pytorch-image-models/releases/download/v0.1-weights/wide_resnet50_racm-8234f177.pth)
2025-01-06 14:20:14,605 - INFO - Θ\更Jcheckpoint: D:\Git\robotlearning\yolo_inference_test\anomalib_model\pin_model.ckpt
2025-01-06 14:20:16,385 - ERROR - 旧XONNX家ア毖: Module onnx is not installed!
2025-01-06 14:20:16,386 - ERROR - Bz家 D:\Git\robotlearning\yolo_inference_test\anomalib_model\pin_model.ckpt 傻oネ岿~: Module onnx is not installed!
2025-01-06 14:20:16,407 - ERROR - 更Jtmゅンア毖 D:\Git\robotlearning\yolo_inference_test\anomalib_model\config.yaml: [Errno 2] No such file or directory: 'D:\\Git\\robotlearning\\yolo_inference_test\\anomalib_model\\config.yaml'
2025-01-06 14:20:16,407 - WARNING - FeatureExtractor is deprecated. Use TimmFeatureExtractor instead. Both FeatureExtractor and TimmFeatureExtractor will be removed in a future release.
2025-01-06 14:20:17,454 - INFO - Loading pretrained weights from url (https://github.com/rwightman/pytorch-image-models/releases/download/v0.1-weights/wide_resnet50_racm-8234f177.pth)
2025-01-06 14:20:17,729 - INFO - Θ\更Jcheckpoint: D:\Git\robotlearning\yolo_inference_test\anomalib_model\pin_model_1.ckpt
2025-01-06 14:20:17,961 - ERROR - 旧XONNX家ア毖: Dimension out of range (expected to be in range of [-1, 0], but got -2)
2025-01-06 14:20:17,961 - ERROR - Bz家 D:\Git\robotlearning\yolo_inference_test\anomalib_model\pin_model_1.ckpt 傻oネ岿~: Dimension out of range (expected to be in range of [-1, 0], but got -2)
2025-01-06 14:20:17,964 - ERROR - 更Jtmゅンア毖 D:\Git\robotlearning\yolo_inference_test\anomalib_model\config.yaml: [Errno 2] No such file or directory: 'D:\\Git\\robotlearning\\yolo_inference_test\\anomalib_model\\config.yaml'
2025-01-06 14:20:17,964 - WARNING - FeatureExtractor is deprecated. Use TimmFeatureExtractor instead. Both FeatureExtractor and TimmFeatureExtractor will be removed in a future release.
2025-01-06 14:20:18,948 - INFO - Loading pretrained weights from url (https://github.com/rwightman/pytorch-image-models/releases/download/v0.1-weights/wide_resnet50_racm-8234f177.pth)
2025-01-06 14:20:19,238 - INFO - Θ\更Jcheckpoint: D:\Git\robotlearning\yolo_inference_test\anomalib_model\pin_patchcore_model.ckpt
2025-01-06 14:20:22,003 - ERROR - 旧XONNX家ア毖: Module onnx is not installed!
2025-01-06 14:20:22,004 - ERROR - Bz家 D:\Git\robotlearning\yolo_inference_test\anomalib_model\pin_patchcore_model.ckpt 傻oネ岿~: Module onnx is not installed!
2025-01-06 14:20:22,024 - ERROR - 更Jtmゅンア毖 D:\Git\robotlearning\yolo_inference_test\anomalib_model\config.yaml: [Errno 2] No such file or directory: 'D:\\Git\\robotlearning\\yolo_inference_test\\anomalib_model\\config.yaml'
2025-01-06 14:20:22,025 - WARNING - FeatureExtractor is deprecated. Use TimmFeatureExtractor instead. Both FeatureExtractor and TimmFeatureExtractor will be removed in a future release.
2025-01-06 14:20:23,665 - INFO - Loading pretrained weights from url (https://github.com/rwightman/pytorch-image-models/releases/download/v0.1-weights/wide_resnet50_racm-8234f177.pth)
2025-01-06 14:20:24,211 - INFO - Θ\更Jcheckpoint: D:\Git\robotlearning\yolo_inference_test\anomalib_model\pogo_pin_model.ckpt
2025-01-06 14:20:24,459 - ERROR - 旧XONNX家ア毖: Dimension out of range (expected to be in range of [-1, 0], but got -2)
2025-01-06 14:20:24,460 - ERROR - Bz家 D:\Git\robotlearning\yolo_inference_test\anomalib_model\pogo_pin_model.ckpt 傻oネ岿~: Dimension out of range (expected to be in range of [-1, 0], but got -2)
2025-01-06 14:20:24,463 - ERROR - 更Jtmゅンア毖 D:\Git\robotlearning\yolo_inference_test\anomalib_model\config.yaml: [Errno 2] No such file or directory: 'D:\\Git\\robotlearning\\yolo_inference_test\\anomalib_model\\config.yaml'
2025-01-06 14:20:24,463 - WARNING - FeatureExtractor is deprecated. Use TimmFeatureExtractor instead. Both FeatureExtractor and TimmFeatureExtractor will be removed in a future release.
2025-01-06 14:20:26,061 - INFO - Loading pretrained weights from url (https://github.com/rwightman/pytorch-image-models/releases/download/v0.1-weights/wide_resnet50_racm-8234f177.pth)
2025-01-06 14:20:26,326 - INFO - Θ\更Jcheckpoint: D:\Git\robotlearning\yolo_inference_test\anomalib_model\weld_model.ckpt
2025-01-06 14:20:26,526 - ERROR - 旧XONNX家ア毖: Dimension out of range (expected to be in range of [-1, 0], but got -2)
2025-01-06 14:20:26,526 - ERROR - Bz家 D:\Git\robotlearning\yolo_inference_test\anomalib_model\weld_model.ckpt 傻oネ岿~: Dimension out of range (expected to be in range of [-1, 0], but got -2)
2025-01-06 14:20:26,529 - INFO - ┮Τ家锣传ЧΘI
2025-01-06 14:39:33,662 - INFO - т 1 checkpoint郎
2025-01-06 14:39:33,665 - ERROR - 更Jtmゅンア毖 D:\Git\robotlearning\yolo_inference_test\anomalib_model_con1\config.yaml: [Errno 2] No such file or directory: 'D:\\Git\\robotlearning\\yolo_inference_test\\anomalib_model_con1\\config.yaml'
2025-01-06 14:39:33,666 - WARNING - FeatureExtractor is deprecated. Use TimmFeatureExtractor instead. Both FeatureExtractor and TimmFeatureExtractor will be removed in a future release.
2025-01-06 14:39:36,244 - INFO - Loading pretrained weights from url (https://github.com/rwightman/pytorch-image-models/releases/download/v0.1-weights/wide_resnet50_racm-8234f177.pth)
2025-01-06 14:39:36,678 - ERROR - 更Jcheckpointア毖 D:\Git\robotlearning\yolo_inference_test\anomalib_model_con1\model.ckpt: PytorchStreamReader failed reading zip archive: failed finding central directory
2025-01-06 14:39:36,679 - ERROR - Bz家 D:\Git\robotlearning\yolo_inference_test\anomalib_model_con1\model.ckpt 傻oネ岿~: PytorchStreamReader failed reading zip archive: failed finding central directory
2025-01-06 14:39:36,680 - INFO - ┮Τ家锣传ЧΘI
2025-01-06 14:43:03,264 - INFO - т 1 checkpoint郎
2025-01-06 14:43:03,269 - WARNING - FeatureExtractor is deprecated. Use TimmFeatureExtractor instead. Both FeatureExtractor and TimmFeatureExtractor will be removed in a future release.
2025-01-06 14:43:04,373 - INFO - Loading pretrained weights from url (https://github.com/rwightman/pytorch-image-models/releases/download/v0.1-weights/wide_resnet50_racm-8234f177.pth)
2025-01-06 14:43:04,733 - ERROR - 更Jcheckpointア毖 D:\Git\robotlearning\yolo_inference_test\anomalib_model_con1\model.ckpt: PytorchStreamReader failed reading zip archive: failed finding central directory
2025-01-06 14:43:04,733 - ERROR - Bz家 D:\Git\robotlearning\yolo_inference_test\anomalib_model_con1\model.ckpt 傻oネ岿~: PytorchStreamReader failed reading zip archive: failed finding central directory
2025-01-06 14:43:04,734 - INFO - ┮Τ家锣传ЧΘI
2025-01-06 14:48:05,725 - INFO - т 1 checkpoint郎
2025-01-06 14:48:08,946 - WARNING - FeatureExtractor is deprecated. Use TimmFeatureExtractor instead. Both FeatureExtractor and TimmFeatureExtractor will be removed in a future release.
2025-01-06 14:48:09,952 - INFO - Loading pretrained weights from url (https://github.com/rwightman/pytorch-image-models/releases/download/v0.1-weights/wide_resnet50_racm-8234f177.pth)
2025-01-06 14:48:10,140 - ERROR - 更Jcheckpointア毖 D:\Git\robotlearning\yolo_inference_test\anomalib_model_con1\model.ckpt: PytorchStreamReader failed reading zip archive: failed finding central directory
2025-01-06 14:48:10,140 - ERROR - Bz家 D:\Git\robotlearning\yolo_inference_test\anomalib_model_con1\model.ckpt 傻oネ岿~: PytorchStreamReader failed reading zip archive: failed finding central directory
2025-01-06 14:48:10,141 - INFO - ┮Τ家锣传ЧΘI
2025-01-06 14:50:42,054 - INFO - т 1 checkpoint郎
2025-01-06 14:50:45,350 - WARNING - FeatureExtractor is deprecated. Use TimmFeatureExtractor instead. Both FeatureExtractor and TimmFeatureExtractor will be removed in a future release.
2025-01-06 14:50:46,314 - INFO - Loading pretrained weights from url (https://github.com/rwightman/pytorch-image-models/releases/download/v0.1-weights/wide_resnet50_racm-8234f177.pth)
2025-01-06 14:50:46,480 - ERROR - 更Jcheckpointア毖 D:\Git\robotlearning\yolo_inference_test\anomalib_model_con1\model.ckpt: PytorchStreamReader failed reading zip archive: failed finding central directory
2025-01-06 14:50:46,480 - ERROR - Bz家 D:\Git\robotlearning\yolo_inference_test\anomalib_model_con1\model.ckpt 傻oネ岿~: PytorchStreamReader failed reading zip archive: failed finding central directory
2025-01-06 14:50:46,481 - INFO - ┮Τ家锣传ЧΘI
