2024-12-09 11:23:43,152 - INFO - 家[更Θ\
2024-12-09 11:23:43,247 - INFO - Loading pretrained weights from url (https://download.pytorch.org/models/resnet18-5c106cde.pth)
2024-12-09 11:23:43,469 - INFO - con1_model 家更JΘ\
2024-12-09 11:23:43,551 - INFO - Loading pretrained weights from url (https://download.pytorch.org/models/resnet18-5c106cde.pth)
2024-12-09 11:23:43,728 - INFO - weld_model 家更JΘ\
2024-12-09 13:28:01,215 - INFO - 家[更Θ\
2024-12-09 13:28:01,305 - INFO - Loading pretrained weights from url (https://download.pytorch.org/models/resnet18-5c106cde.pth)
2024-12-09 13:28:01,512 - INFO - con1_model 家更JΘ\
2024-12-09 13:28:01,594 - INFO - Loading pretrained weights from url (https://download.pytorch.org/models/resnet18-5c106cde.pth)
2024-12-09 13:28:01,776 - INFO - weld_model 家更JΘ\
2024-12-09 13:31:24,016 - INFO - 家[更Θ\
2024-12-09 13:31:24,105 - INFO - Loading pretrained weights from url (https://download.pytorch.org/models/resnet18-5c106cde.pth)
2024-12-09 13:31:24,281 - INFO - con1_model 家更JΘ\
2024-12-09 13:31:24,362 - INFO - Loading pretrained weights from url (https://download.pytorch.org/models/resnet18-5c106cde.pth)
2024-12-09 13:31:24,513 - INFO - weld_model 家更JΘ\
2024-12-09 13:32:05,580 - INFO - 家[更Θ\
2024-12-09 13:32:05,671 - INFO - Loading pretrained weights from url (https://download.pytorch.org/models/resnet18-5c106cde.pth)
2024-12-09 13:32:05,840 - INFO - con1_model 家更JΘ\
2024-12-09 13:32:05,923 - INFO - Loading pretrained weights from url (https://download.pytorch.org/models/resnet18-5c106cde.pth)
2024-12-09 13:32:06,068 - INFO - weld_model 家更JΘ\
2024-12-09 13:33:09,042 - INFO - 家[更Θ\
2024-12-09 13:33:09,131 - INFO - Loading pretrained weights from url (https://download.pytorch.org/models/resnet18-5c106cde.pth)
2024-12-09 13:33:09,300 - INFO - con1_model 家更JΘ\
2024-12-09 13:33:09,381 - INFO - Loading pretrained weights from url (https://download.pytorch.org/models/resnet18-5c106cde.pth)
2024-12-09 13:33:09,531 - INFO - weld_model 家更JΘ\
2024-12-09 14:44:13,364 - INFO - 家[更Θ\
2024-12-09 14:44:13,456 - INFO - Loading pretrained weights from url (https://download.pytorch.org/models/resnet18-5c106cde.pth)
2024-12-09 14:44:13,641 - INFO - con1_model 家更JΘ\
2024-12-09 14:44:13,729 - INFO - Loading pretrained weights from url (https://download.pytorch.org/models/resnet18-5c106cde.pth)
2024-12-09 14:44:13,881 - INFO - pogo_pin_model 家更JΘ\
2024-12-09 14:44:13,964 - INFO - Loading pretrained weights from url (https://download.pytorch.org/models/resnet18-5c106cde.pth)
2024-12-09 14:44:14,118 - INFO - weld_model 家更JΘ\
2024-12-09 14:46:30,016 - INFO - 家[更Θ\
2024-12-09 14:46:30,107 - INFO - Loading pretrained weights from url (https://download.pytorch.org/models/resnet18-5c106cde.pth)
2024-12-09 14:46:30,285 - INFO - con1_model 家更JΘ\
2024-12-09 14:46:30,367 - INFO - Loading pretrained weights from url (https://download.pytorch.org/models/resnet18-5c106cde.pth)
2024-12-09 14:46:30,521 - INFO - pogo_pin_model 家更JΘ\
2024-12-09 14:46:30,603 - INFO - Loading pretrained weights from url (https://download.pytorch.org/models/resnet18-5c106cde.pth)
2024-12-09 14:46:30,761 - INFO - weld_model 家更JΘ\
2024-12-09 14:48:46,968 - INFO - 家[更Θ\
2024-12-09 14:48:47,059 - INFO - Loading pretrained weights from url (https://download.pytorch.org/models/resnet18-5c106cde.pth)
2024-12-09 14:48:47,229 - INFO - con1_model 家更JΘ\
2024-12-09 14:48:47,310 - INFO - Loading pretrained weights from url (https://download.pytorch.org/models/resnet18-5c106cde.pth)
2024-12-09 14:48:47,463 - INFO - pogo_pin_model 家更JΘ\
2024-12-09 14:48:47,543 - INFO - Loading pretrained weights from url (https://download.pytorch.org/models/resnet18-5c106cde.pth)
2024-12-09 14:48:47,696 - INFO - weld_model 家更JΘ\
2024-12-09 15:00:01,308 - INFO - 家[更Θ\
2024-12-09 15:00:01,398 - INFO - Loading pretrained weights from url (https://download.pytorch.org/models/resnet18-5c106cde.pth)
2024-12-09 15:00:01,570 - INFO - con1_model 家更JΘ\
2024-12-09 15:00:01,653 - INFO - Loading pretrained weights from url (https://download.pytorch.org/models/resnet18-5c106cde.pth)
2024-12-09 15:00:01,805 - INFO - pogo_pin_model 家更JΘ\
2024-12-09 15:00:01,886 - INFO - Loading pretrained weights from url (https://download.pytorch.org/models/resnet18-5c106cde.pth)
2024-12-09 15:00:02,079 - INFO - weld_model 家更JΘ\
2024-12-09 15:03:27,190 - INFO - 家[更Θ\
2024-12-09 15:03:27,281 - INFO - Loading pretrained weights from url (https://download.pytorch.org/models/resnet18-5c106cde.pth)
2024-12-09 15:03:27,451 - INFO - con1_model 家更JΘ\
2024-12-09 15:03:27,533 - INFO - Loading pretrained weights from url (https://download.pytorch.org/models/resnet18-5c106cde.pth)
2024-12-09 15:03:27,685 - INFO - pogo_pin_model 家更JΘ\
2024-12-09 15:03:27,765 - INFO - Loading pretrained weights from url (https://download.pytorch.org/models/resnet18-5c106cde.pth)
2024-12-09 15:03:27,919 - INFO - weld_model 家更JΘ\
2024-12-09 15:04:19,066 - INFO - 家[更Θ\
2024-12-09 15:04:19,156 - INFO - Loading pretrained weights from url (https://download.pytorch.org/models/resnet18-5c106cde.pth)
2024-12-09 15:04:19,337 - INFO - con1_model 家更JΘ\
2024-12-09 15:04:19,419 - INFO - Loading pretrained weights from url (https://download.pytorch.org/models/resnet18-5c106cde.pth)
2024-12-09 15:04:19,569 - INFO - pogo_pin_model 家更JΘ\
2024-12-09 15:04:19,650 - INFO - Loading pretrained weights from url (https://download.pytorch.org/models/resnet18-5c106cde.pth)
2024-12-09 15:04:19,800 - INFO - weld_model 家更JΘ\
2024-12-09 15:17:58,846 - INFO - 家[更Θ\
2024-12-09 15:17:58,935 - INFO - Loading pretrained weights from url (https://download.pytorch.org/models/resnet18-5c106cde.pth)
2024-12-09 15:17:59,110 - INFO - con1_model 家更JΘ\
2024-12-09 15:17:59,192 - INFO - Loading pretrained weights from url (https://download.pytorch.org/models/resnet18-5c106cde.pth)
2024-12-09 15:17:59,343 - INFO - pogo_pin_model 家更JΘ\
2024-12-09 15:17:59,425 - INFO - Loading pretrained weights from url (https://download.pytorch.org/models/resnet18-5c106cde.pth)
2024-12-09 15:17:59,583 - INFO - weld_model 家更JΘ\
2024-12-09 15:23:54,195 - INFO - 家[更Θ\
2024-12-09 15:23:54,284 - INFO - Loading pretrained weights from url (https://download.pytorch.org/models/resnet18-5c106cde.pth)
2024-12-09 15:23:54,459 - INFO - con1_model 家更JΘ\
2024-12-09 15:23:54,543 - INFO - Loading pretrained weights from url (https://download.pytorch.org/models/resnet18-5c106cde.pth)
2024-12-09 15:23:54,698 - INFO - pogo_pin_model 家更JΘ\
2024-12-09 15:23:54,779 - INFO - Loading pretrained weights from url (https://download.pytorch.org/models/resnet18-5c106cde.pth)
2024-12-09 15:23:54,938 - INFO - weld_model 家更JΘ\
2024-12-09 15:24:38,508 - INFO - 家[更Θ\
2024-12-09 15:24:38,599 - INFO - Loading pretrained weights from url (https://download.pytorch.org/models/resnet18-5c106cde.pth)
2024-12-09 15:24:38,769 - INFO - con1_model 家更JΘ\
2024-12-09 15:24:38,850 - INFO - Loading pretrained weights from url (https://download.pytorch.org/models/resnet18-5c106cde.pth)
2024-12-09 15:24:39,003 - INFO - pogo_pin_model 家更JΘ\
2024-12-09 15:24:39,094 - INFO - Loading pretrained weights from url (https://download.pytorch.org/models/resnet18-5c106cde.pth)
2024-12-09 15:24:39,243 - INFO - weld_model 家更JΘ\
2024-12-09 15:25:11,146 - INFO - 家[更Θ\
2024-12-09 15:25:11,240 - INFO - Loading pretrained weights from url (https://download.pytorch.org/models/resnet18-5c106cde.pth)
2024-12-09 15:25:11,416 - INFO - con1_model 家更JΘ\
2024-12-09 15:25:11,497 - INFO - Loading pretrained weights from url (https://download.pytorch.org/models/resnet18-5c106cde.pth)
2024-12-09 15:25:11,654 - INFO - pogo_pin_model 家更JΘ\
2024-12-09 15:25:11,734 - INFO - Loading pretrained weights from url (https://download.pytorch.org/models/resnet18-5c106cde.pth)
2024-12-09 15:25:11,890 - INFO - weld_model 家更JΘ\
2024-12-09 15:36:47,424 - INFO - 家[更Θ\
2024-12-09 15:36:47,512 - INFO - Loading pretrained weights from url (https://download.pytorch.org/models/resnet18-5c106cde.pth)
2024-12-09 15:36:47,682 - INFO - con1_model 家更JΘ\
2024-12-09 15:36:47,764 - INFO - Loading pretrained weights from url (https://download.pytorch.org/models/resnet18-5c106cde.pth)
2024-12-09 15:36:47,919 - INFO - pogo_pin_model 家更JΘ\
2024-12-09 15:36:48,002 - INFO - Loading pretrained weights from url (https://download.pytorch.org/models/resnet18-5c106cde.pth)
2024-12-09 15:36:48,159 - INFO - weld_model 家更JΘ\
2024-12-09 15:38:04,011 - INFO - 家[更Θ\
2024-12-09 15:38:04,099 - INFO - Loading pretrained weights from url (https://download.pytorch.org/models/resnet18-5c106cde.pth)
2024-12-09 15:38:04,273 - INFO - con1_model 家更JΘ\
2024-12-09 15:38:04,355 - INFO - Loading pretrained weights from url (https://download.pytorch.org/models/resnet18-5c106cde.pth)
2024-12-09 15:38:04,505 - INFO - pogo_pin_model 家更JΘ\
2024-12-09 15:38:04,584 - INFO - Loading pretrained weights from url (https://download.pytorch.org/models/resnet18-5c106cde.pth)
2024-12-09 15:38:04,743 - INFO - weld_model 家更JΘ\
2024-12-09 15:53:50,888 - INFO - 家[更Θ\
2024-12-09 15:53:50,982 - INFO - Loading pretrained weights from url (https://download.pytorch.org/models/resnet18-5c106cde.pth)
2024-12-09 15:53:51,182 - INFO - con1_model 家更JΘ\
2024-12-09 15:53:51,270 - INFO - Loading pretrained weights from url (https://download.pytorch.org/models/resnet18-5c106cde.pth)
2024-12-09 15:53:51,435 - INFO - pogo_pin_model 家更JΘ\
2024-12-09 15:53:51,519 - INFO - Loading pretrained weights from url (https://download.pytorch.org/models/resnet18-5c106cde.pth)
2024-12-09 15:53:51,679 - INFO - weld_model 家更JΘ\
2024-12-09 16:01:09,256 - INFO - 家[更Θ\
2024-12-09 16:01:09,345 - INFO - Loading pretrained weights from url (https://download.pytorch.org/models/resnet18-5c106cde.pth)
2024-12-09 16:01:09,514 - INFO - con1_model 家更JΘ\
2024-12-09 16:01:09,593 - INFO - Loading pretrained weights from url (https://download.pytorch.org/models/resnet18-5c106cde.pth)
2024-12-09 16:01:09,750 - INFO - pogo_pin_model 家更JΘ\
2024-12-09 16:01:09,832 - INFO - Loading pretrained weights from url (https://download.pytorch.org/models/resnet18-5c106cde.pth)
2024-12-09 16:01:09,989 - INFO - weld_model 家更JΘ\
2024-12-09 16:07:20,817 - INFO - 家[更Θ\
2024-12-09 16:07:20,907 - INFO - Loading pretrained weights from url (https://download.pytorch.org/models/resnet18-5c106cde.pth)
2024-12-09 16:07:21,080 - INFO - con1_model 家更JΘ\
2024-12-09 16:07:21,172 - INFO - Loading pretrained weights from url (https://download.pytorch.org/models/resnet18-5c106cde.pth)
2024-12-09 16:07:21,334 - INFO - pogo_pin_model 家更JΘ\
2024-12-09 16:07:21,415 - INFO - Loading pretrained weights from url (https://download.pytorch.org/models/resnet18-5c106cde.pth)
2024-12-09 16:07:21,568 - INFO - weld_model 家更JΘ\
2024-12-09 16:12:10,088 - INFO - 家[更Θ\
2024-12-09 16:12:10,176 - INFO - Loading pretrained weights from url (https://download.pytorch.org/models/resnet18-5c106cde.pth)
2024-12-09 16:12:10,351 - INFO - con1_model 家更JΘ\
2024-12-09 16:12:10,436 - INFO - Loading pretrained weights from url (https://download.pytorch.org/models/resnet18-5c106cde.pth)
2024-12-09 16:12:10,609 - INFO - pogo_pin_model 家更JΘ\
2024-12-09 16:12:10,687 - INFO - Loading pretrained weights from url (https://download.pytorch.org/models/resnet18-5c106cde.pth)
2024-12-09 16:12:10,873 - INFO - weld_model 家更JΘ\
2024-12-09 16:21:12,747 - INFO - 家[更Θ\
2024-12-09 16:21:12,869 - INFO - Loading pretrained weights from url (https://download.pytorch.org/models/resnet18-5c106cde.pth)
2024-12-09 16:21:13,064 - INFO - con1_model 家更JΘ\
2024-12-09 16:21:13,156 - INFO - Loading pretrained weights from url (https://download.pytorch.org/models/resnet18-5c106cde.pth)
2024-12-09 16:21:13,353 - INFO - pogo_pin_model 家更JΘ\
2024-12-09 16:21:13,454 - INFO - Loading pretrained weights from url (https://download.pytorch.org/models/resnet18-5c106cde.pth)
2024-12-09 16:21:13,629 - INFO - weld_model 家更JΘ\
2024-12-09 16:21:40,335 - INFO - 家[更Θ\
2024-12-09 16:21:40,461 - INFO - Loading pretrained weights from url (https://download.pytorch.org/models/resnet18-5c106cde.pth)
2024-12-09 16:21:40,645 - INFO - con1_model 家更JΘ\
2024-12-09 16:21:40,736 - INFO - Loading pretrained weights from url (https://download.pytorch.org/models/resnet18-5c106cde.pth)
2024-12-09 16:21:40,909 - INFO - pogo_pin_model 家更JΘ\
2024-12-09 16:21:41,028 - INFO - Loading pretrained weights from url (https://download.pytorch.org/models/resnet18-5c106cde.pth)
2024-12-09 16:21:41,195 - INFO - weld_model 家更JΘ\
2024-12-09 16:22:04,972 - INFO - 家[更Θ\
2024-12-09 16:22:05,145 - INFO - Loading pretrained weights from url (https://download.pytorch.org/models/resnet18-5c106cde.pth)
2024-12-09 16:22:05,466 - INFO - con1_model 家更JΘ\
2024-12-09 16:22:05,641 - INFO - Loading pretrained weights from url (https://download.pytorch.org/models/resnet18-5c106cde.pth)
2024-12-09 16:22:05,914 - INFO - pogo_pin_model 家更JΘ\
2024-12-09 16:22:06,091 - INFO - Loading pretrained weights from url (https://download.pytorch.org/models/resnet18-5c106cde.pth)
2024-12-09 16:22:06,369 - INFO - weld_model 家更JΘ\
2024-12-09 16:22:49,791 - INFO - 家[更Θ\
2024-12-09 16:22:49,885 - INFO - Loading pretrained weights from url (https://download.pytorch.org/models/resnet18-5c106cde.pth)
2024-12-09 16:22:50,064 - INFO - con1_model 家更JΘ\
2024-12-09 16:22:50,151 - INFO - Loading pretrained weights from url (https://download.pytorch.org/models/resnet18-5c106cde.pth)
2024-12-09 16:22:50,305 - INFO - pogo_pin_model 家更JΘ\
2024-12-09 16:22:50,389 - INFO - Loading pretrained weights from url (https://download.pytorch.org/models/resnet18-5c106cde.pth)
2024-12-09 16:22:50,542 - INFO - weld_model 家更JΘ\
2024-12-09 17:00:09,681 - INFO - 家[更Θ\
2024-12-09 17:00:09,827 - INFO - Loading pretrained weights from url (https://download.pytorch.org/models/resnet18-5c106cde.pth)
2024-12-09 17:00:10,059 - INFO - con1_model 家更JΘ\
2024-12-09 17:00:10,176 - INFO - Loading pretrained weights from url (https://download.pytorch.org/models/resnet18-5c106cde.pth)
2024-12-09 17:00:10,400 - INFO - pogo_pin_model 家更JΘ\
2024-12-09 17:00:10,535 - INFO - Loading pretrained weights from url (https://download.pytorch.org/models/resnet18-5c106cde.pth)
2024-12-09 17:00:10,754 - INFO - weld_model 家更JΘ\
