2025-01-23 10:51:52,405 - INFO - 家[更Θ\
2025-01-23 10:51:52,406 - WARNING - FeatureExtractor is deprecated. Use TimmFeatureExtractor instead. Both FeatureExtractor and TimmFeatureExtractor will be removed in a future release.
2025-01-23 10:51:54,205 - INFO - Loading pretrained weights from url (https://github.com/rwightman/pytorch-image-models/releases/download/v0.1-weights/wide_resnet50_racm-8234f177.pth)
2025-01-23 10:51:54,786 - INFO - con1_model 家更JΘ\
2025-01-23 10:51:54,787 - WARNING - FeatureExtractor is deprecated. Use TimmFeatureExtractor instead. Both FeatureExtractor and TimmFeatureExtractor will be removed in a future release.
2025-01-23 10:51:56,498 - INFO - Loading pretrained weights from url (https://github.com/rwightman/pytorch-image-models/releases/download/v0.1-weights/wide_resnet50_racm-8234f177.pth)
2025-01-23 10:51:58,144 - INFO - con1_v20_model 家更JΘ\
2025-01-23 10:51:58,145 - WARNING - FeatureExtractor is deprecated. Use TimmFeatureExtractor instead. Both FeatureExtractor and TimmFeatureExtractor will be removed in a future release.
2025-01-23 10:51:59,422 - INFO - Loading pretrained weights from url (https://github.com/rwightman/pytorch-image-models/releases/download/v0.1-weights/wide_resnet50_racm-8234f177.pth)
2025-01-23 10:52:00,500 - INFO - con1_v8_model 家更JΘ\
2025-01-23 10:52:00,501 - WARNING - FeatureExtractor is deprecated. Use TimmFeatureExtractor instead. Both FeatureExtractor and TimmFeatureExtractor will be removed in a future release.
2025-01-23 10:52:02,280 - INFO - Loading pretrained weights from url (https://github.com/rwightman/pytorch-image-models/releases/download/v0.1-weights/wide_resnet50_racm-8234f177.pth)
2025-01-23 10:52:02,709 - INFO - pin_model 家更JΘ\
2025-01-23 10:52:02,710 - WARNING - FeatureExtractor is deprecated. Use TimmFeatureExtractor instead. Both FeatureExtractor and TimmFeatureExtractor will be removed in a future release.
2025-01-23 10:52:04,074 - INFO - Loading pretrained weights from url (https://github.com/rwightman/pytorch-image-models/releases/download/v0.1-weights/wide_resnet50_racm-8234f177.pth)
2025-01-23 10:52:04,471 - INFO - pin_model_1 家更JΘ\
2025-01-23 10:52:04,471 - WARNING - FeatureExtractor is deprecated. Use TimmFeatureExtractor instead. Both FeatureExtractor and TimmFeatureExtractor will be removed in a future release.
2025-01-23 10:52:05,486 - INFO - Loading pretrained weights from url (https://github.com/rwightman/pytorch-image-models/releases/download/v0.1-weights/wide_resnet50_racm-8234f177.pth)
2025-01-23 10:52:05,887 - INFO - pin_patchcore_model 家更JΘ\
2025-01-23 10:52:05,887 - WARNING - FeatureExtractor is deprecated. Use TimmFeatureExtractor instead. Both FeatureExtractor and TimmFeatureExtractor will be removed in a future release.
2025-01-23 10:52:06,839 - INFO - Loading pretrained weights from url (https://github.com/rwightman/pytorch-image-models/releases/download/v0.1-weights/wide_resnet50_racm-8234f177.pth)
2025-01-23 10:52:07,115 - INFO - pogo_pin_model 家更JΘ\
2025-01-23 10:52:07,115 - WARNING - FeatureExtractor is deprecated. Use TimmFeatureExtractor instead. Both FeatureExtractor and TimmFeatureExtractor will be removed in a future release.
2025-01-23 10:52:08,065 - INFO - Loading pretrained weights from url (https://github.com/rwightman/pytorch-image-models/releases/download/v0.1-weights/wide_resnet50_racm-8234f177.pth)
2025-01-23 10:52:08,333 - INFO - weld_model 家更JΘ\
2025-01-23 11:45:19,715 - INFO - 家[更Θ\
2025-01-23 11:45:19,716 - WARNING - FeatureExtractor is deprecated. Use TimmFeatureExtractor instead. Both FeatureExtractor and TimmFeatureExtractor will be removed in a future release.
2025-01-23 11:45:20,728 - INFO - Loading pretrained weights from url (https://github.com/rwightman/pytorch-image-models/releases/download/v0.1-weights/wide_resnet50_racm-8234f177.pth)
2025-01-23 11:45:21,197 - INFO - con1_model 家更JΘ\
2025-01-23 11:45:21,197 - WARNING - FeatureExtractor is deprecated. Use TimmFeatureExtractor instead. Both FeatureExtractor and TimmFeatureExtractor will be removed in a future release.
2025-01-23 11:45:22,128 - INFO - Loading pretrained weights from url (https://github.com/rwightman/pytorch-image-models/releases/download/v0.1-weights/wide_resnet50_racm-8234f177.pth)
2025-01-23 11:45:23,356 - INFO - con1_v20_model 家更JΘ\
2025-01-23 11:45:23,357 - WARNING - FeatureExtractor is deprecated. Use TimmFeatureExtractor instead. Both FeatureExtractor and TimmFeatureExtractor will be removed in a future release.
2025-01-23 11:45:24,397 - INFO - Loading pretrained weights from url (https://github.com/rwightman/pytorch-image-models/releases/download/v0.1-weights/wide_resnet50_racm-8234f177.pth)
2025-01-23 11:45:25,222 - INFO - con1_v8_model 家更JΘ\
2025-01-23 11:45:25,222 - WARNING - FeatureExtractor is deprecated. Use TimmFeatureExtractor instead. Both FeatureExtractor and TimmFeatureExtractor will be removed in a future release.
2025-01-23 11:45:26,220 - INFO - Loading pretrained weights from url (https://github.com/rwightman/pytorch-image-models/releases/download/v0.1-weights/wide_resnet50_racm-8234f177.pth)
2025-01-23 11:45:26,540 - INFO - pin_model 家更JΘ\
2025-01-23 11:45:26,541 - WARNING - FeatureExtractor is deprecated. Use TimmFeatureExtractor instead. Both FeatureExtractor and TimmFeatureExtractor will be removed in a future release.
2025-01-23 11:45:27,495 - INFO - Loading pretrained weights from url (https://github.com/rwightman/pytorch-image-models/releases/download/v0.1-weights/wide_resnet50_racm-8234f177.pth)
2025-01-23 11:45:27,854 - INFO - pin_model_1 家更JΘ\
2025-01-23 11:45:27,854 - WARNING - FeatureExtractor is deprecated. Use TimmFeatureExtractor instead. Both FeatureExtractor and TimmFeatureExtractor will be removed in a future release.
2025-01-23 11:45:28,830 - INFO - Loading pretrained weights from url (https://github.com/rwightman/pytorch-image-models/releases/download/v0.1-weights/wide_resnet50_racm-8234f177.pth)
2025-01-23 11:45:29,173 - INFO - pin_patchcore_model 家更JΘ\
2025-01-23 11:45:29,173 - WARNING - FeatureExtractor is deprecated. Use TimmFeatureExtractor instead. Both FeatureExtractor and TimmFeatureExtractor will be removed in a future release.
2025-01-23 11:45:30,114 - INFO - Loading pretrained weights from url (https://github.com/rwightman/pytorch-image-models/releases/download/v0.1-weights/wide_resnet50_racm-8234f177.pth)
2025-01-23 11:45:30,378 - INFO - pogo_pin_model 家更JΘ\
2025-01-23 11:45:30,378 - WARNING - FeatureExtractor is deprecated. Use TimmFeatureExtractor instead. Both FeatureExtractor and TimmFeatureExtractor will be removed in a future release.
2025-01-23 11:45:31,330 - INFO - Loading pretrained weights from url (https://github.com/rwightman/pytorch-image-models/releases/download/v0.1-weights/wide_resnet50_racm-8234f177.pth)
2025-01-23 11:45:31,588 - INFO - weld_model 家更JΘ\
2025-01-23 11:48:35,908 - INFO - 家[更Θ\
2025-01-23 11:48:35,910 - WARNING - FeatureExtractor is deprecated. Use TimmFeatureExtractor instead. Both FeatureExtractor and TimmFeatureExtractor will be removed in a future release.
2025-01-23 11:48:36,921 - INFO - Loading pretrained weights from url (https://github.com/rwightman/pytorch-image-models/releases/download/v0.1-weights/wide_resnet50_racm-8234f177.pth)
2025-01-23 11:48:37,151 - INFO - con1_model 家更JΘ\
2025-01-23 11:48:37,152 - WARNING - FeatureExtractor is deprecated. Use TimmFeatureExtractor instead. Both FeatureExtractor and TimmFeatureExtractor will be removed in a future release.
2025-01-23 11:48:38,111 - INFO - Loading pretrained weights from url (https://github.com/rwightman/pytorch-image-models/releases/download/v0.1-weights/wide_resnet50_racm-8234f177.pth)
2025-01-23 11:48:38,815 - INFO - con1_v20_model 家更JΘ\
2025-01-23 11:48:38,816 - WARNING - FeatureExtractor is deprecated. Use TimmFeatureExtractor instead. Both FeatureExtractor and TimmFeatureExtractor will be removed in a future release.
2025-01-23 11:48:39,834 - INFO - Loading pretrained weights from url (https://github.com/rwightman/pytorch-image-models/releases/download/v0.1-weights/wide_resnet50_racm-8234f177.pth)
2025-01-23 11:48:40,332 - INFO - con1_v8_model 家更JΘ\
2025-01-23 11:48:40,333 - WARNING - FeatureExtractor is deprecated. Use TimmFeatureExtractor instead. Both FeatureExtractor and TimmFeatureExtractor will be removed in a future release.
2025-01-23 11:48:41,313 - INFO - Loading pretrained weights from url (https://github.com/rwightman/pytorch-image-models/releases/download/v0.1-weights/wide_resnet50_racm-8234f177.pth)
2025-01-23 11:48:41,541 - INFO - pin_model 家更JΘ\
2025-01-23 11:48:41,542 - WARNING - FeatureExtractor is deprecated. Use TimmFeatureExtractor instead. Both FeatureExtractor and TimmFeatureExtractor will be removed in a future release.
2025-01-23 11:48:42,500 - INFO - Loading pretrained weights from url (https://github.com/rwightman/pytorch-image-models/releases/download/v0.1-weights/wide_resnet50_racm-8234f177.pth)
2025-01-23 11:48:42,823 - INFO - pin_model_1 家更JΘ\
2025-01-23 11:48:42,824 - WARNING - FeatureExtractor is deprecated. Use TimmFeatureExtractor instead. Both FeatureExtractor and TimmFeatureExtractor will be removed in a future release.
2025-01-23 11:48:43,794 - INFO - Loading pretrained weights from url (https://github.com/rwightman/pytorch-image-models/releases/download/v0.1-weights/wide_resnet50_racm-8234f177.pth)
2025-01-23 11:48:44,039 - INFO - pin_patchcore_model 家更JΘ\
2025-01-23 11:48:44,039 - WARNING - FeatureExtractor is deprecated. Use TimmFeatureExtractor instead. Both FeatureExtractor and TimmFeatureExtractor will be removed in a future release.
2025-01-23 11:48:45,012 - INFO - Loading pretrained weights from url (https://github.com/rwightman/pytorch-image-models/releases/download/v0.1-weights/wide_resnet50_racm-8234f177.pth)
2025-01-23 11:48:45,218 - INFO - pogo_pin_model 家更JΘ\
2025-01-23 11:48:45,219 - WARNING - FeatureExtractor is deprecated. Use TimmFeatureExtractor instead. Both FeatureExtractor and TimmFeatureExtractor will be removed in a future release.
2025-01-23 11:48:46,172 - INFO - Loading pretrained weights from url (https://github.com/rwightman/pytorch-image-models/releases/download/v0.1-weights/wide_resnet50_racm-8234f177.pth)
2025-01-23 11:48:46,420 - INFO - weld_model 家更JΘ\
2025-01-23 13:38:22,729 - INFO - 家[更Θ\
2025-01-23 13:38:22,730 - WARNING - FeatureExtractor is deprecated. Use TimmFeatureExtractor instead. Both FeatureExtractor and TimmFeatureExtractor will be removed in a future release.
2025-01-23 13:38:23,781 - INFO - Loading pretrained weights from url (https://github.com/rwightman/pytorch-image-models/releases/download/v0.1-weights/wide_resnet50_racm-8234f177.pth)
2025-01-23 13:38:24,247 - INFO - con1_model 家更JΘ\
2025-01-23 13:38:24,247 - WARNING - FeatureExtractor is deprecated. Use TimmFeatureExtractor instead. Both FeatureExtractor and TimmFeatureExtractor will be removed in a future release.
2025-01-23 13:38:25,208 - INFO - Loading pretrained weights from url (https://github.com/rwightman/pytorch-image-models/releases/download/v0.1-weights/wide_resnet50_racm-8234f177.pth)
2025-01-23 13:38:26,532 - INFO - con1_v20_model 家更JΘ\
2025-01-23 13:38:26,533 - WARNING - FeatureExtractor is deprecated. Use TimmFeatureExtractor instead. Both FeatureExtractor and TimmFeatureExtractor will be removed in a future release.
2025-01-23 13:38:27,541 - INFO - Loading pretrained weights from url (https://github.com/rwightman/pytorch-image-models/releases/download/v0.1-weights/wide_resnet50_racm-8234f177.pth)
2025-01-23 13:38:28,366 - INFO - con1_v8_model 家更JΘ\
2025-01-23 13:38:28,366 - WARNING - FeatureExtractor is deprecated. Use TimmFeatureExtractor instead. Both FeatureExtractor and TimmFeatureExtractor will be removed in a future release.
2025-01-23 13:38:29,407 - INFO - Loading pretrained weights from url (https://github.com/rwightman/pytorch-image-models/releases/download/v0.1-weights/wide_resnet50_racm-8234f177.pth)
2025-01-23 13:38:29,745 - INFO - pin_model 家更JΘ\
2025-01-23 13:38:29,746 - WARNING - FeatureExtractor is deprecated. Use TimmFeatureExtractor instead. Both FeatureExtractor and TimmFeatureExtractor will be removed in a future release.
2025-01-23 13:38:30,721 - INFO - Loading pretrained weights from url (https://github.com/rwightman/pytorch-image-models/releases/download/v0.1-weights/wide_resnet50_racm-8234f177.pth)
2025-01-23 13:38:31,079 - INFO - pin_model_1 家更JΘ\
2025-01-23 13:38:31,079 - WARNING - FeatureExtractor is deprecated. Use TimmFeatureExtractor instead. Both FeatureExtractor and TimmFeatureExtractor will be removed in a future release.
2025-01-23 13:38:32,046 - INFO - Loading pretrained weights from url (https://github.com/rwightman/pytorch-image-models/releases/download/v0.1-weights/wide_resnet50_racm-8234f177.pth)
2025-01-23 13:38:32,371 - INFO - pin_patchcore_model 家更JΘ\
2025-01-23 13:38:32,372 - WARNING - FeatureExtractor is deprecated. Use TimmFeatureExtractor instead. Both FeatureExtractor and TimmFeatureExtractor will be removed in a future release.
2025-01-23 13:38:33,317 - INFO - Loading pretrained weights from url (https://github.com/rwightman/pytorch-image-models/releases/download/v0.1-weights/wide_resnet50_racm-8234f177.pth)
2025-01-23 13:38:33,581 - INFO - pogo_pin_model 家更JΘ\
2025-01-23 13:38:33,581 - WARNING - FeatureExtractor is deprecated. Use TimmFeatureExtractor instead. Both FeatureExtractor and TimmFeatureExtractor will be removed in a future release.
2025-01-23 13:38:34,546 - INFO - Loading pretrained weights from url (https://github.com/rwightman/pytorch-image-models/releases/download/v0.1-weights/wide_resnet50_racm-8234f177.pth)
2025-01-23 13:38:34,809 - INFO - weld_model 家更JΘ\
