2025-06-19 13:49:53,390 - INFO - 模型加載成功，使用設備: cpu
2025-06-19 13:49:55,079 - ERROR - 檢測失敗: 'Results' object has no attribute 'device'. See valid attributes below.

    A class for storing and manipulating inference results.

    This class provides comprehensive functionality for handling inference results from various
    Ultralytics models, including detection, segmentation, classification, and pose estimation.
    It supports visualization, data export, and various coordinate transformations.

    Attributes:
        orig_img (numpy.ndarray): The original image as a numpy array.
        orig_shape (Tuple[int, int]): Original image shape in (height, width) format.
        boxes (Boxes | None): Detected bounding boxes.
        masks (Masks | None): Segmentation masks.
        probs (Probs | None): Classification probabilities.
        keypoints (Keypoints | None): Detected keypoints.
        obb (OBB | None): Oriented bounding boxes.
        speed (dict): Dictionary containing inference speed information.
        names (dict): Dictionary mapping class indices to class names.
        path (str): Path to the input image file.
        save_dir (str | None): Directory to save results.

    Methods:
        update: Update the Results object with new detection data.
        cpu: Return a copy of the Results object with all tensors moved to CPU memory.
        numpy: Convert all tensors in the Results object to numpy arrays.
        cuda: Move all tensors in the Results object to GPU memory.
        to: Move all tensors to the specified device and dtype.
        new: Create a new Results object with the same image, path, names, and speed attributes.
        plot: Plot detection results on an input RGB image.
        show: Display the image with annotated inference results.
        save: Save annotated inference results image to file.
        verbose: Return a log string for each task in the results.
        save_txt: Save detection results to a text file.
        save_crop: Save cropped detection images to specified directory.
        summary: Convert inference results to a summarized dictionary.
        to_df: Convert detection results to a Pandas Dataframe.
        to_json: Convert detection results to JSON format.
        to_csv: Convert detection results to a CSV format.
        to_xml: Convert detection results to XML format.
        to_html: Convert detection results to HTML format.
        to_sql: Convert detection results to an SQL-compatible format.

    Examples:
        >>> results = model("path/to/image.jpg")
        >>> result = results[0]  # Get the first result
        >>> boxes = result.boxes  # Get the boxes for the first result
        >>> masks = result.masks  # Get the masks for the first result
        >>> for result in results:
        >>>     result.plot()  # Plot detection results
    
2025-06-19 14:10:42,122 - INFO - 模型加載成功，使用設備: cpu
2025-06-19 14:18:20,342 - INFO - 模型加載成功，使用設備: cpu
2025-06-19 14:18:36,460 - INFO - 模型加載成功，使用設備: cpu
2025-06-19 15:07:07,717 - INFO - 模型加載成功，使用設備: cpu
2025-06-19 15:14:59,207 - INFO - 模型加載成功，使用設備: cpu
2025-06-19 15:15:01,366 - ERROR - 權限拒絕，無法寫入 Result\results.xlsx，請檢查檔案是否被占用或權限設置
2025-06-19 15:15:04,224 - ERROR - 權限拒絕，無法寫入 Result\results.xlsx，請檢查檔案是否被占用或權限設置
2025-06-19 15:15:07,199 - ERROR - 權限拒絕，無法寫入 Result\results.xlsx，請檢查檔案是否被占用或權限設置
2025-06-19 15:15:10,094 - ERROR - 權限拒絕，無法寫入 Result\results.xlsx，請檢查檔案是否被占用或權限設置
2025-06-19 15:28:29,207 - INFO - 模型加載成功，使用設備: cpu
2025-06-19 15:28:31,305 - ERROR - 權限拒絕，無法寫入 Result\results.xlsx，請檢查檔案是否被占用或權限設置
2025-06-19 15:28:47,725 - INFO - 模型加載成功，使用設備: cpu
2025-06-19 15:28:50,268 - INFO - Excel 數據已保存至 Result\results.xlsx
2025-06-19 15:41:19,929 - INFO - 模型加載成功，使用設備: cpu
2025-06-19 15:41:21,605 - INFO - Excel 數據已保存至 Result\results.xlsx
2025-06-19 16:31:22,634 - INFO - 模型加載成功，使用設備: cpu
2025-06-19 16:31:24,018 - ERROR - 檢測失敗: save_results() got an unexpected keyword argument 'missing_items'
2025-06-19 16:56:51,883 - INFO - 模型加載成功，使用設備: cpu
2025-06-19 16:56:53,534 - INFO - Excel 數據已保存至 Result\results.xlsx
2025-06-19 17:34:33,221 - INFO - 模型加載成功，使用設備: cpu
2025-06-19 17:34:34,826 - INFO - Excel 數據已保存至 Result\results.xlsx
