2025-05-05 17:07:57,188 - INFO - 家[更Θ\
2025-05-05 17:07:57,191 - WARNING - FeatureExtractor is deprecated. Use TimmFeatureExtractor instead. Both FeatureExtractor and TimmFeatureExtractor will be removed in a future release.
2025-05-05 17:07:58,228 - INFO - Loading pretrained weights from url (https://github.com/rwightman/pytorch-image-models/releases/download/v0.1-weights/wide_resnet50_racm-8234f177.pth)
2025-05-05 17:07:58,855 - INFO - con1_model 家更JΘ\
2025-05-05 17:07:58,856 - WARNING - FeatureExtractor is deprecated. Use TimmFeatureExtractor instead. Both FeatureExtractor and TimmFeatureExtractor will be removed in a future release.
2025-05-05 17:07:59,844 - INFO - Loading pretrained weights from url (https://github.com/rwightman/pytorch-image-models/releases/download/v0.1-weights/wide_resnet50_racm-8234f177.pth)
2025-05-05 17:08:01,446 - INFO - con1_v20_model 家更JΘ\
2025-05-05 17:08:01,446 - WARNING - FeatureExtractor is deprecated. Use TimmFeatureExtractor instead. Both FeatureExtractor and TimmFeatureExtractor will be removed in a future release.
2025-05-05 17:08:02,465 - INFO - Loading pretrained weights from url (https://github.com/rwightman/pytorch-image-models/releases/download/v0.1-weights/wide_resnet50_racm-8234f177.pth)
2025-05-05 17:08:03,423 - INFO - con1_v8_model 家更JΘ\
2025-05-05 17:08:03,424 - WARNING - FeatureExtractor is deprecated. Use TimmFeatureExtractor instead. Both FeatureExtractor and TimmFeatureExtractor will be removed in a future release.
2025-05-05 17:08:04,476 - INFO - Loading pretrained weights from url (https://github.com/rwightman/pytorch-image-models/releases/download/v0.1-weights/wide_resnet50_racm-8234f177.pth)
2025-05-05 17:08:04,933 - INFO - pin_model 家更JΘ\
2025-05-05 17:08:04,934 - WARNING - FeatureExtractor is deprecated. Use TimmFeatureExtractor instead. Both FeatureExtractor and TimmFeatureExtractor will be removed in a future release.
2025-05-05 17:08:05,875 - INFO - Loading pretrained weights from url (https://github.com/rwightman/pytorch-image-models/releases/download/v0.1-weights/wide_resnet50_racm-8234f177.pth)
2025-05-05 17:08:06,140 - INFO - pin_model_1 家更JΘ\
2025-05-05 17:08:06,140 - WARNING - FeatureExtractor is deprecated. Use TimmFeatureExtractor instead. Both FeatureExtractor and TimmFeatureExtractor will be removed in a future release.
2025-05-05 17:08:07,097 - INFO - Loading pretrained weights from url (https://github.com/rwightman/pytorch-image-models/releases/download/v0.1-weights/wide_resnet50_racm-8234f177.pth)
2025-05-05 17:08:07,484 - INFO - pin_patchcore_model 家更JΘ\
2025-05-05 17:08:07,484 - WARNING - FeatureExtractor is deprecated. Use TimmFeatureExtractor instead. Both FeatureExtractor and TimmFeatureExtractor will be removed in a future release.
2025-05-05 17:08:08,432 - INFO - Loading pretrained weights from url (https://github.com/rwightman/pytorch-image-models/releases/download/v0.1-weights/wide_resnet50_racm-8234f177.pth)
2025-05-05 17:08:08,733 - INFO - pogo_pin_model 家更JΘ\
2025-05-05 17:08:08,734 - WARNING - FeatureExtractor is deprecated. Use TimmFeatureExtractor instead. Both FeatureExtractor and TimmFeatureExtractor will be removed in a future release.
2025-05-05 17:08:09,680 - INFO - Loading pretrained weights from url (https://github.com/rwightman/pytorch-image-models/releases/download/v0.1-weights/wide_resnet50_racm-8234f177.pth)
2025-05-05 17:08:09,956 - INFO - weld_model 家更JΘ\
2025-05-05 17:10:12,907 - INFO - 家[更Θ\
2025-05-05 17:10:12,908 - WARNING - FeatureExtractor is deprecated. Use TimmFeatureExtractor instead. Both FeatureExtractor and TimmFeatureExtractor will be removed in a future release.
2025-05-05 17:10:13,914 - INFO - Loading pretrained weights from url (https://github.com/rwightman/pytorch-image-models/releases/download/v0.1-weights/wide_resnet50_racm-8234f177.pth)
2025-05-05 17:10:14,243 - INFO - con1_model 家更JΘ\
2025-05-05 17:10:14,244 - WARNING - FeatureExtractor is deprecated. Use TimmFeatureExtractor instead. Both FeatureExtractor and TimmFeatureExtractor will be removed in a future release.
2025-05-05 17:10:15,162 - INFO - Loading pretrained weights from url (https://github.com/rwightman/pytorch-image-models/releases/download/v0.1-weights/wide_resnet50_racm-8234f177.pth)
2025-05-05 17:10:15,916 - INFO - con1_v20_model 家更JΘ\
2025-05-05 17:10:15,917 - WARNING - FeatureExtractor is deprecated. Use TimmFeatureExtractor instead. Both FeatureExtractor and TimmFeatureExtractor will be removed in a future release.
2025-05-05 17:10:16,961 - INFO - Loading pretrained weights from url (https://github.com/rwightman/pytorch-image-models/releases/download/v0.1-weights/wide_resnet50_racm-8234f177.pth)
2025-05-05 17:10:17,438 - INFO - con1_v8_model 家更JΘ\
2025-05-05 17:10:17,439 - WARNING - FeatureExtractor is deprecated. Use TimmFeatureExtractor instead. Both FeatureExtractor and TimmFeatureExtractor will be removed in a future release.
2025-05-05 17:10:18,464 - INFO - Loading pretrained weights from url (https://github.com/rwightman/pytorch-image-models/releases/download/v0.1-weights/wide_resnet50_racm-8234f177.pth)
2025-05-05 17:10:18,785 - INFO - pin_model 家更JΘ\
2025-05-05 17:10:18,786 - WARNING - FeatureExtractor is deprecated. Use TimmFeatureExtractor instead. Both FeatureExtractor and TimmFeatureExtractor will be removed in a future release.
2025-05-05 17:10:19,725 - INFO - Loading pretrained weights from url (https://github.com/rwightman/pytorch-image-models/releases/download/v0.1-weights/wide_resnet50_racm-8234f177.pth)
2025-05-05 17:10:19,925 - INFO - pin_model_1 家更JΘ\
2025-05-05 17:10:19,926 - WARNING - FeatureExtractor is deprecated. Use TimmFeatureExtractor instead. Both FeatureExtractor and TimmFeatureExtractor will be removed in a future release.
2025-05-05 17:10:20,873 - INFO - Loading pretrained weights from url (https://github.com/rwightman/pytorch-image-models/releases/download/v0.1-weights/wide_resnet50_racm-8234f177.pth)
2025-05-05 17:10:21,140 - INFO - pin_patchcore_model 家更JΘ\
2025-05-05 17:10:21,141 - WARNING - FeatureExtractor is deprecated. Use TimmFeatureExtractor instead. Both FeatureExtractor and TimmFeatureExtractor will be removed in a future release.
2025-05-05 17:10:22,068 - INFO - Loading pretrained weights from url (https://github.com/rwightman/pytorch-image-models/releases/download/v0.1-weights/wide_resnet50_racm-8234f177.pth)
2025-05-05 17:10:22,271 - INFO - pogo_pin_model 家更JΘ\
2025-05-05 17:10:22,271 - WARNING - FeatureExtractor is deprecated. Use TimmFeatureExtractor instead. Both FeatureExtractor and TimmFeatureExtractor will be removed in a future release.
2025-05-05 17:10:23,234 - INFO - Loading pretrained weights from url (https://github.com/rwightman/pytorch-image-models/releases/download/v0.1-weights/wide_resnet50_racm-8234f177.pth)
2025-05-05 17:10:23,497 - INFO - weld_model 家更JΘ\
2025-05-05 17:11:16,676 - INFO - 家[更Θ\
2025-05-05 17:11:16,677 - WARNING - FeatureExtractor is deprecated. Use TimmFeatureExtractor instead. Both FeatureExtractor and TimmFeatureExtractor will be removed in a future release.
2025-05-05 17:11:17,681 - INFO - Loading pretrained weights from url (https://github.com/rwightman/pytorch-image-models/releases/download/v0.1-weights/wide_resnet50_racm-8234f177.pth)
2025-05-05 17:11:17,898 - INFO - con1_model 家更JΘ\
2025-05-05 17:11:17,898 - WARNING - FeatureExtractor is deprecated. Use TimmFeatureExtractor instead. Both FeatureExtractor and TimmFeatureExtractor will be removed in a future release.
2025-05-05 17:11:18,846 - INFO - Loading pretrained weights from url (https://github.com/rwightman/pytorch-image-models/releases/download/v0.1-weights/wide_resnet50_racm-8234f177.pth)
2025-05-05 17:11:19,502 - INFO - con1_v20_model 家更JΘ\
2025-05-05 17:11:19,503 - WARNING - FeatureExtractor is deprecated. Use TimmFeatureExtractor instead. Both FeatureExtractor and TimmFeatureExtractor will be removed in a future release.
2025-05-05 17:11:20,507 - INFO - Loading pretrained weights from url (https://github.com/rwightman/pytorch-image-models/releases/download/v0.1-weights/wide_resnet50_racm-8234f177.pth)
2025-05-05 17:11:20,951 - INFO - con1_v8_model 家更JΘ\
2025-05-05 17:11:20,951 - WARNING - FeatureExtractor is deprecated. Use TimmFeatureExtractor instead. Both FeatureExtractor and TimmFeatureExtractor will be removed in a future release.
2025-05-05 17:11:21,910 - INFO - Loading pretrained weights from url (https://github.com/rwightman/pytorch-image-models/releases/download/v0.1-weights/wide_resnet50_racm-8234f177.pth)
2025-05-05 17:11:22,224 - INFO - pin_model 家更JΘ\
2025-05-05 17:11:22,225 - WARNING - FeatureExtractor is deprecated. Use TimmFeatureExtractor instead. Both FeatureExtractor and TimmFeatureExtractor will be removed in a future release.
2025-05-05 17:11:23,188 - INFO - Loading pretrained weights from url (https://github.com/rwightman/pytorch-image-models/releases/download/v0.1-weights/wide_resnet50_racm-8234f177.pth)
2025-05-05 17:11:23,401 - INFO - pin_model_1 家更JΘ\
2025-05-05 17:11:23,402 - WARNING - FeatureExtractor is deprecated. Use TimmFeatureExtractor instead. Both FeatureExtractor and TimmFeatureExtractor will be removed in a future release.
2025-05-05 17:11:24,365 - INFO - Loading pretrained weights from url (https://github.com/rwightman/pytorch-image-models/releases/download/v0.1-weights/wide_resnet50_racm-8234f177.pth)
2025-05-05 17:11:24,592 - INFO - pin_patchcore_model 家更JΘ\
2025-05-05 17:11:24,593 - WARNING - FeatureExtractor is deprecated. Use TimmFeatureExtractor instead. Both FeatureExtractor and TimmFeatureExtractor will be removed in a future release.
2025-05-05 17:11:25,526 - INFO - Loading pretrained weights from url (https://github.com/rwightman/pytorch-image-models/releases/download/v0.1-weights/wide_resnet50_racm-8234f177.pth)
2025-05-05 17:11:25,723 - INFO - pogo_pin_model 家更JΘ\
2025-05-05 17:11:25,723 - WARNING - FeatureExtractor is deprecated. Use TimmFeatureExtractor instead. Both FeatureExtractor and TimmFeatureExtractor will be removed in a future release.
2025-05-05 17:11:26,659 - INFO - Loading pretrained weights from url (https://github.com/rwightman/pytorch-image-models/releases/download/v0.1-weights/wide_resnet50_racm-8234f177.pth)
2025-05-05 17:11:26,919 - INFO - weld_model 家更JΘ\
2025-05-05 17:22:14,359 - INFO - 家[更Θ\
2025-05-05 17:22:14,359 - WARNING - FeatureExtractor is deprecated. Use TimmFeatureExtractor instead. Both FeatureExtractor and TimmFeatureExtractor will be removed in a future release.
2025-05-05 17:22:15,357 - INFO - Loading pretrained weights from url (https://github.com/rwightman/pytorch-image-models/releases/download/v0.1-weights/wide_resnet50_racm-8234f177.pth)
2025-05-05 17:22:15,591 - INFO - con1_model 家更JΘ\
2025-05-05 17:22:15,591 - WARNING - FeatureExtractor is deprecated. Use TimmFeatureExtractor instead. Both FeatureExtractor and TimmFeatureExtractor will be removed in a future release.
2025-05-05 17:22:16,536 - INFO - Loading pretrained weights from url (https://github.com/rwightman/pytorch-image-models/releases/download/v0.1-weights/wide_resnet50_racm-8234f177.pth)
2025-05-05 17:22:17,282 - INFO - con1_v20_model 家更JΘ\
2025-05-05 17:22:17,283 - WARNING - FeatureExtractor is deprecated. Use TimmFeatureExtractor instead. Both FeatureExtractor and TimmFeatureExtractor will be removed in a future release.
2025-05-05 17:22:18,342 - INFO - Loading pretrained weights from url (https://github.com/rwightman/pytorch-image-models/releases/download/v0.1-weights/wide_resnet50_racm-8234f177.pth)
2025-05-05 17:22:18,901 - INFO - con1_v8_model 家更JΘ\
2025-05-05 17:22:18,901 - WARNING - FeatureExtractor is deprecated. Use TimmFeatureExtractor instead. Both FeatureExtractor and TimmFeatureExtractor will be removed in a future release.
2025-05-05 17:22:19,945 - INFO - Loading pretrained weights from url (https://github.com/rwightman/pytorch-image-models/releases/download/v0.1-weights/wide_resnet50_racm-8234f177.pth)
2025-05-05 17:22:20,459 - INFO - pin_model 家更JΘ\
2025-05-05 17:22:20,460 - WARNING - FeatureExtractor is deprecated. Use TimmFeatureExtractor instead. Both FeatureExtractor and TimmFeatureExtractor will be removed in a future release.
2025-05-05 17:22:21,525 - INFO - Loading pretrained weights from url (https://github.com/rwightman/pytorch-image-models/releases/download/v0.1-weights/wide_resnet50_racm-8234f177.pth)
2025-05-05 17:22:21,813 - INFO - pin_model_1 家更JΘ\
2025-05-05 17:22:21,814 - WARNING - FeatureExtractor is deprecated. Use TimmFeatureExtractor instead. Both FeatureExtractor and TimmFeatureExtractor will be removed in a future release.
2025-05-05 17:22:22,876 - INFO - Loading pretrained weights from url (https://github.com/rwightman/pytorch-image-models/releases/download/v0.1-weights/wide_resnet50_racm-8234f177.pth)
2025-05-05 17:22:23,343 - INFO - pin_patchcore_model 家更JΘ\
2025-05-05 17:22:23,344 - WARNING - FeatureExtractor is deprecated. Use TimmFeatureExtractor instead. Both FeatureExtractor and TimmFeatureExtractor will be removed in a future release.
2025-05-05 17:22:24,388 - INFO - Loading pretrained weights from url (https://github.com/rwightman/pytorch-image-models/releases/download/v0.1-weights/wide_resnet50_racm-8234f177.pth)
2025-05-05 17:22:24,774 - INFO - pogo_pin_model 家更JΘ\
2025-05-05 17:22:24,775 - WARNING - FeatureExtractor is deprecated. Use TimmFeatureExtractor instead. Both FeatureExtractor and TimmFeatureExtractor will be removed in a future release.
2025-05-05 17:22:25,803 - INFO - Loading pretrained weights from url (https://github.com/rwightman/pytorch-image-models/releases/download/v0.1-weights/wide_resnet50_racm-8234f177.pth)
2025-05-05 17:22:26,099 - INFO - weld_model 家更JΘ\
2025-05-05 17:22:26,388 - ERROR - 磅婀L{いoネ岿~: Lks钡MVS劬
2025-05-05 17:30:12,300 - INFO - 家[更Θ\
2025-05-05 17:30:12,301 - WARNING - FeatureExtractor is deprecated. Use TimmFeatureExtractor instead. Both FeatureExtractor and TimmFeatureExtractor will be removed in a future release.
2025-05-05 17:30:13,351 - INFO - Loading pretrained weights from url (https://github.com/rwightman/pytorch-image-models/releases/download/v0.1-weights/wide_resnet50_racm-8234f177.pth)
2025-05-05 17:30:13,668 - INFO - con1_model 家更JΘ\
2025-05-05 17:30:13,668 - WARNING - FeatureExtractor is deprecated. Use TimmFeatureExtractor instead. Both FeatureExtractor and TimmFeatureExtractor will be removed in a future release.
2025-05-05 17:30:14,596 - INFO - Loading pretrained weights from url (https://github.com/rwightman/pytorch-image-models/releases/download/v0.1-weights/wide_resnet50_racm-8234f177.pth)
2025-05-05 17:30:15,248 - INFO - con1_v20_model 家更JΘ\
2025-05-05 17:30:15,248 - WARNING - FeatureExtractor is deprecated. Use TimmFeatureExtractor instead. Both FeatureExtractor and TimmFeatureExtractor will be removed in a future release.
2025-05-05 17:30:16,222 - INFO - Loading pretrained weights from url (https://github.com/rwightman/pytorch-image-models/releases/download/v0.1-weights/wide_resnet50_racm-8234f177.pth)
2025-05-05 17:30:16,684 - INFO - con1_v8_model 家更JΘ\
2025-05-05 17:30:16,685 - WARNING - FeatureExtractor is deprecated. Use TimmFeatureExtractor instead. Both FeatureExtractor and TimmFeatureExtractor will be removed in a future release.
2025-05-05 17:30:17,667 - INFO - Loading pretrained weights from url (https://github.com/rwightman/pytorch-image-models/releases/download/v0.1-weights/wide_resnet50_racm-8234f177.pth)
2025-05-05 17:30:18,001 - INFO - pin_model 家更JΘ\
2025-05-05 17:30:18,002 - WARNING - FeatureExtractor is deprecated. Use TimmFeatureExtractor instead. Both FeatureExtractor and TimmFeatureExtractor will be removed in a future release.
2025-05-05 17:30:18,967 - INFO - Loading pretrained weights from url (https://github.com/rwightman/pytorch-image-models/releases/download/v0.1-weights/wide_resnet50_racm-8234f177.pth)
2025-05-05 17:30:19,164 - INFO - pin_model_1 家更JΘ\
2025-05-05 17:30:19,165 - WARNING - FeatureExtractor is deprecated. Use TimmFeatureExtractor instead. Both FeatureExtractor and TimmFeatureExtractor will be removed in a future release.
2025-05-05 17:30:20,142 - INFO - Loading pretrained weights from url (https://github.com/rwightman/pytorch-image-models/releases/download/v0.1-weights/wide_resnet50_racm-8234f177.pth)
2025-05-05 17:30:20,374 - INFO - pin_patchcore_model 家更JΘ\
2025-05-05 17:30:20,375 - WARNING - FeatureExtractor is deprecated. Use TimmFeatureExtractor instead. Both FeatureExtractor and TimmFeatureExtractor will be removed in a future release.
2025-05-05 17:30:21,314 - INFO - Loading pretrained weights from url (https://github.com/rwightman/pytorch-image-models/releases/download/v0.1-weights/wide_resnet50_racm-8234f177.pth)
2025-05-05 17:30:21,517 - INFO - pogo_pin_model 家更JΘ\
2025-05-05 17:30:21,518 - WARNING - FeatureExtractor is deprecated. Use TimmFeatureExtractor instead. Both FeatureExtractor and TimmFeatureExtractor will be removed in a future release.
2025-05-05 17:30:22,459 - INFO - Loading pretrained weights from url (https://github.com/rwightman/pytorch-image-models/releases/download/v0.1-weights/wide_resnet50_racm-8234f177.pth)
2025-05-05 17:30:22,669 - INFO - weld_model 家更JΘ\
