2025-06-05 14:17:38,064 - INFO - 家[更Θ\
2025-06-05 14:17:38,067 - WARNING - FeatureExtractor is deprecated. Use TimmFeatureExtractor instead. Both FeatureExtractor and TimmFeatureExtractor will be removed in a future release.
2025-06-05 14:17:39,079 - INFO - Loading pretrained weights from url (https://github.com/rwightman/pytorch-image-models/releases/download/v0.1-weights/wide_resnet50_racm-8234f177.pth)
2025-06-05 14:17:39,688 - INFO - con1_model 家更JΘ\
2025-06-05 14:17:39,688 - WARNING - FeatureExtractor is deprecated. Use TimmFeatureExtractor instead. Both FeatureExtractor and TimmFeatureExtractor will be removed in a future release.
2025-06-05 14:17:40,620 - INFO - Loading pretrained weights from url (https://github.com/rwightman/pytorch-image-models/releases/download/v0.1-weights/wide_resnet50_racm-8234f177.pth)
2025-06-05 14:17:45,226 - INFO - con1_v20_model 家更JΘ\
2025-06-05 14:17:45,226 - WARNING - FeatureExtractor is deprecated. Use TimmFeatureExtractor instead. Both FeatureExtractor and TimmFeatureExtractor will be removed in a future release.
2025-06-05 14:17:46,248 - INFO - Loading pretrained weights from url (https://github.com/rwightman/pytorch-image-models/releases/download/v0.1-weights/wide_resnet50_racm-8234f177.pth)
2025-06-05 14:17:47,813 - INFO - con1_v8_model 家更JΘ\
2025-06-05 14:17:47,814 - WARNING - FeatureExtractor is deprecated. Use TimmFeatureExtractor instead. Both FeatureExtractor and TimmFeatureExtractor will be removed in a future release.
2025-06-05 14:17:48,790 - INFO - Loading pretrained weights from url (https://github.com/rwightman/pytorch-image-models/releases/download/v0.1-weights/wide_resnet50_racm-8234f177.pth)
2025-06-05 14:17:49,135 - INFO - pin_model 家更JΘ\
2025-06-05 14:17:49,136 - WARNING - FeatureExtractor is deprecated. Use TimmFeatureExtractor instead. Both FeatureExtractor and TimmFeatureExtractor will be removed in a future release.
2025-06-05 14:17:50,066 - INFO - Loading pretrained weights from url (https://github.com/rwightman/pytorch-image-models/releases/download/v0.1-weights/wide_resnet50_racm-8234f177.pth)
2025-06-05 14:17:50,337 - INFO - pin_model_1 家更JΘ\
2025-06-05 14:17:50,337 - WARNING - FeatureExtractor is deprecated. Use TimmFeatureExtractor instead. Both FeatureExtractor and TimmFeatureExtractor will be removed in a future release.
2025-06-05 14:17:51,279 - INFO - Loading pretrained weights from url (https://github.com/rwightman/pytorch-image-models/releases/download/v0.1-weights/wide_resnet50_racm-8234f177.pth)
2025-06-05 14:17:51,631 - INFO - pin_patchcore_model 家更JΘ\
2025-06-05 14:17:51,632 - WARNING - FeatureExtractor is deprecated. Use TimmFeatureExtractor instead. Both FeatureExtractor and TimmFeatureExtractor will be removed in a future release.
2025-06-05 14:17:52,637 - INFO - Loading pretrained weights from url (https://github.com/rwightman/pytorch-image-models/releases/download/v0.1-weights/wide_resnet50_racm-8234f177.pth)
2025-06-05 14:17:53,096 - INFO - pogo_pin_model 家更JΘ\
2025-06-05 14:17:53,096 - WARNING - FeatureExtractor is deprecated. Use TimmFeatureExtractor instead. Both FeatureExtractor and TimmFeatureExtractor will be removed in a future release.
2025-06-05 14:17:54,191 - INFO - Loading pretrained weights from url (https://github.com/rwightman/pytorch-image-models/releases/download/v0.1-weights/wide_resnet50_racm-8234f177.pth)
2025-06-05 14:17:54,482 - INFO - weld_model 家更JΘ\
2025-06-05 14:18:00,089 - ERROR - 磅婀L{いoネ岿~: [ONNXRuntimeError] : 9 : NOT_IMPLEMENTED : Could not find an implementation for Reshape(19) node with name '/model.10/m/m.0/attn/Reshape'
2025-06-05 14:43:47,976 - INFO - 家[更Θ\
2025-06-05 14:43:54,732 - ERROR - 磅婀L{いoネ岿~: [ONNXRuntimeError] : 9 : NOT_IMPLEMENTED : Could not find an implementation for Reshape(19) node with name '/model.10/m/m.0/attn/Reshape'
2025-06-05 14:45:21,144 - INFO - 家[更Θ\
2025-06-05 14:45:25,623 - ERROR - 磅婀L{いoネ岿~: [ONNXRuntimeError] : 9 : NOT_IMPLEMENTED : Could not find an implementation for Reshape(19) node with name '/model.10/m/m.0/attn/Reshape'
2025-06-05 14:46:33,476 - INFO - 家[更Θ\
2025-06-05 14:46:36,557 - ERROR - 磅婀L{いoネ岿~: 'Results' object has no attribute 'device'. See valid attributes below.

    A class for storing and manipulating inference results.

    This class provides comprehensive functionality for handling inference results from various
    Ultralytics models, including detection, segmentation, classification, and pose estimation.
    It supports visualization, data export, and various coordinate transformations.

    Attributes:
        orig_img (numpy.ndarray): The original image as a numpy array.
        orig_shape (Tuple[int, int]): Original image shape in (height, width) format.
        boxes (Boxes | None): Detected bounding boxes.
        masks (Masks | None): Segmentation masks.
        probs (Probs | None): Classification probabilities.
        keypoints (Keypoints | None): Detected keypoints.
        obb (OBB | None): Oriented bounding boxes.
        speed (dict): Dictionary containing inference speed information.
        names (dict): Dictionary mapping class indices to class names.
        path (str): Path to the input image file.
        save_dir (str | None): Directory to save results.

    Methods:
        update: Update the Results object with new detection data.
        cpu: Return a copy of the Results object with all tensors moved to CPU memory.
        numpy: Convert all tensors in the Results object to numpy arrays.
        cuda: Move all tensors in the Results object to GPU memory.
        to: Move all tensors to the specified device and dtype.
        new: Create a new Results object with the same image, path, names, and speed attributes.
        plot: Plot detection results on an input RGB image.
        show: Display the image with annotated inference results.
        save: Save annotated inference results image to file.
        verbose: Return a log string for each task in the results.
        save_txt: Save detection results to a text file.
        save_crop: Save cropped detection images to specified directory.
        summary: Convert inference results to a summarized dictionary.
        to_df: Convert detection results to a Pandas Dataframe.
        to_json: Convert detection results to JSON format.
        to_csv: Convert detection results to a CSV format.
        to_xml: Convert detection results to XML format.
        to_html: Convert detection results to HTML format.
        to_sql: Convert detection results to an SQL-compatible format.

    Examples:
        >>> results = model("path/to/image.jpg")
        >>> result = results[0]  # Get the first result
        >>> boxes = result.boxes  # Get the boxes for the first result
        >>> masks = result.masks  # Get the masks for the first result
        >>> for result in results:
        >>>     result.plot()  # Plot detection results
    
2025-06-05 16:23:55,270 - ERROR - 家[更ア毖: ERROR: yolo11_best is not a supported format
2025-06-05 16:24:38,943 - INFO - 家[更Θ\
2025-06-05 16:24:38,944 - WARNING - FeatureExtractor is deprecated. Use TimmFeatureExtractor instead. Both FeatureExtractor and TimmFeatureExtractor will be removed in a future release.
2025-06-05 16:24:39,923 - INFO - Loading pretrained weights from url (https://github.com/rwightman/pytorch-image-models/releases/download/v0.1-weights/wide_resnet50_racm-8234f177.pth)
2025-06-05 16:24:40,461 - INFO - con1_model 家更JΘ\
2025-06-05 16:24:40,462 - WARNING - FeatureExtractor is deprecated. Use TimmFeatureExtractor instead. Both FeatureExtractor and TimmFeatureExtractor will be removed in a future release.
2025-06-05 16:24:41,427 - INFO - Loading pretrained weights from url (https://github.com/rwightman/pytorch-image-models/releases/download/v0.1-weights/wide_resnet50_racm-8234f177.pth)
2025-06-05 16:24:46,014 - INFO - con1_v20_model 家更JΘ\
2025-06-05 16:24:46,015 - WARNING - FeatureExtractor is deprecated. Use TimmFeatureExtractor instead. Both FeatureExtractor and TimmFeatureExtractor will be removed in a future release.
2025-06-05 16:24:47,029 - INFO - Loading pretrained weights from url (https://github.com/rwightman/pytorch-image-models/releases/download/v0.1-weights/wide_resnet50_racm-8234f177.pth)
2025-06-05 16:24:48,583 - INFO - con1_v8_model 家更JΘ\
2025-06-05 16:24:48,583 - WARNING - FeatureExtractor is deprecated. Use TimmFeatureExtractor instead. Both FeatureExtractor and TimmFeatureExtractor will be removed in a future release.
2025-06-05 16:24:49,596 - INFO - Loading pretrained weights from url (https://github.com/rwightman/pytorch-image-models/releases/download/v0.1-weights/wide_resnet50_racm-8234f177.pth)
2025-06-05 16:24:49,933 - INFO - pin_model 家更JΘ\
2025-06-05 16:24:49,934 - WARNING - FeatureExtractor is deprecated. Use TimmFeatureExtractor instead. Both FeatureExtractor and TimmFeatureExtractor will be removed in a future release.
2025-06-05 16:24:50,870 - INFO - Loading pretrained weights from url (https://github.com/rwightman/pytorch-image-models/releases/download/v0.1-weights/wide_resnet50_racm-8234f177.pth)
2025-06-05 16:24:51,138 - INFO - pin_model_1 家更JΘ\
2025-06-05 16:24:51,138 - WARNING - FeatureExtractor is deprecated. Use TimmFeatureExtractor instead. Both FeatureExtractor and TimmFeatureExtractor will be removed in a future release.
2025-06-05 16:24:52,068 - INFO - Loading pretrained weights from url (https://github.com/rwightman/pytorch-image-models/releases/download/v0.1-weights/wide_resnet50_racm-8234f177.pth)
2025-06-05 16:24:52,414 - INFO - pin_patchcore_model 家更JΘ\
2025-06-05 16:24:52,414 - WARNING - FeatureExtractor is deprecated. Use TimmFeatureExtractor instead. Both FeatureExtractor and TimmFeatureExtractor will be removed in a future release.
2025-06-05 16:24:53,330 - INFO - Loading pretrained weights from url (https://github.com/rwightman/pytorch-image-models/releases/download/v0.1-weights/wide_resnet50_racm-8234f177.pth)
2025-06-05 16:24:53,667 - INFO - pogo_pin_model 家更JΘ\
2025-06-05 16:24:53,667 - WARNING - FeatureExtractor is deprecated. Use TimmFeatureExtractor instead. Both FeatureExtractor and TimmFeatureExtractor will be removed in a future release.
2025-06-05 16:24:54,603 - INFO - Loading pretrained weights from url (https://github.com/rwightman/pytorch-image-models/releases/download/v0.1-weights/wide_resnet50_racm-8234f177.pth)
2025-06-05 16:24:54,857 - INFO - weld_model 家更JΘ\
2025-06-05 16:24:58,744 - ERROR - 磅婀L{いoネ岿~: 6391
2025-06-05 16:26:20,773 - INFO - 家[更Θ\
2025-06-05 16:26:20,774 - WARNING - FeatureExtractor is deprecated. Use TimmFeatureExtractor instead. Both FeatureExtractor and TimmFeatureExtractor will be removed in a future release.
2025-06-05 16:26:21,743 - INFO - Loading pretrained weights from url (https://github.com/rwightman/pytorch-image-models/releases/download/v0.1-weights/wide_resnet50_racm-8234f177.pth)
2025-06-05 16:26:22,031 - INFO - con1_model 家更JΘ\
2025-06-05 16:26:22,032 - WARNING - FeatureExtractor is deprecated. Use TimmFeatureExtractor instead. Both FeatureExtractor and TimmFeatureExtractor will be removed in a future release.
2025-06-05 16:26:22,954 - INFO - Loading pretrained weights from url (https://github.com/rwightman/pytorch-image-models/releases/download/v0.1-weights/wide_resnet50_racm-8234f177.pth)
2025-06-05 16:26:27,500 - INFO - con1_v20_model 家更JΘ\
2025-06-05 16:26:27,500 - WARNING - FeatureExtractor is deprecated. Use TimmFeatureExtractor instead. Both FeatureExtractor and TimmFeatureExtractor will be removed in a future release.
2025-06-05 16:26:28,507 - INFO - Loading pretrained weights from url (https://github.com/rwightman/pytorch-image-models/releases/download/v0.1-weights/wide_resnet50_racm-8234f177.pth)
2025-06-05 16:26:29,955 - INFO - con1_v8_model 家更JΘ\
2025-06-05 16:26:29,956 - WARNING - FeatureExtractor is deprecated. Use TimmFeatureExtractor instead. Both FeatureExtractor and TimmFeatureExtractor will be removed in a future release.
2025-06-05 16:26:30,947 - INFO - Loading pretrained weights from url (https://github.com/rwightman/pytorch-image-models/releases/download/v0.1-weights/wide_resnet50_racm-8234f177.pth)
2025-06-05 16:26:31,300 - INFO - pin_model 家更JΘ\
2025-06-05 16:26:31,300 - WARNING - FeatureExtractor is deprecated. Use TimmFeatureExtractor instead. Both FeatureExtractor and TimmFeatureExtractor will be removed in a future release.
2025-06-05 16:26:32,230 - INFO - Loading pretrained weights from url (https://github.com/rwightman/pytorch-image-models/releases/download/v0.1-weights/wide_resnet50_racm-8234f177.pth)
2025-06-05 16:26:32,504 - INFO - pin_model_1 家更JΘ\
2025-06-05 16:26:32,504 - WARNING - FeatureExtractor is deprecated. Use TimmFeatureExtractor instead. Both FeatureExtractor and TimmFeatureExtractor will be removed in a future release.
2025-06-05 16:26:33,428 - INFO - Loading pretrained weights from url (https://github.com/rwightman/pytorch-image-models/releases/download/v0.1-weights/wide_resnet50_racm-8234f177.pth)
2025-06-05 16:26:33,783 - INFO - pin_patchcore_model 家更JΘ\
2025-06-05 16:26:33,784 - WARNING - FeatureExtractor is deprecated. Use TimmFeatureExtractor instead. Both FeatureExtractor and TimmFeatureExtractor will be removed in a future release.
2025-06-05 16:26:34,702 - INFO - Loading pretrained weights from url (https://github.com/rwightman/pytorch-image-models/releases/download/v0.1-weights/wide_resnet50_racm-8234f177.pth)
2025-06-05 16:26:35,036 - INFO - pogo_pin_model 家更JΘ\
2025-06-05 16:26:35,036 - WARNING - FeatureExtractor is deprecated. Use TimmFeatureExtractor instead. Both FeatureExtractor and TimmFeatureExtractor will be removed in a future release.
2025-06-05 16:26:35,982 - INFO - Loading pretrained weights from url (https://github.com/rwightman/pytorch-image-models/releases/download/v0.1-weights/wide_resnet50_racm-8234f177.pth)
2025-06-05 16:26:36,234 - INFO - weld_model 家更JΘ\
2025-06-05 16:26:40,390 - ERROR - 磅婀L{いoネ岿~: 6391
2025-06-05 16:38:12,849 - WARNING - FeatureExtractor is deprecated. Use TimmFeatureExtractor instead. Both FeatureExtractor and TimmFeatureExtractor will be removed in a future release.
2025-06-05 16:38:13,812 - INFO - Loading pretrained weights from url (https://github.com/rwightman/pytorch-image-models/releases/download/v0.1-weights/wide_resnet50_racm-8234f177.pth)
2025-06-05 16:38:14,100 - INFO - con1_model 家更JΘ\
2025-06-05 16:38:14,100 - WARNING - FeatureExtractor is deprecated. Use TimmFeatureExtractor instead. Both FeatureExtractor and TimmFeatureExtractor will be removed in a future release.
2025-06-05 16:38:15,017 - INFO - Loading pretrained weights from url (https://github.com/rwightman/pytorch-image-models/releases/download/v0.1-weights/wide_resnet50_racm-8234f177.pth)
2025-06-05 16:38:16,298 - INFO - con1_v20_model 家更JΘ\
2025-06-05 16:38:16,298 - WARNING - FeatureExtractor is deprecated. Use TimmFeatureExtractor instead. Both FeatureExtractor and TimmFeatureExtractor will be removed in a future release.
2025-06-05 16:38:17,289 - INFO - Loading pretrained weights from url (https://github.com/rwightman/pytorch-image-models/releases/download/v0.1-weights/wide_resnet50_racm-8234f177.pth)
2025-06-05 16:38:18,089 - INFO - con1_v8_model 家更JΘ\
2025-06-05 16:38:18,089 - WARNING - FeatureExtractor is deprecated. Use TimmFeatureExtractor instead. Both FeatureExtractor and TimmFeatureExtractor will be removed in a future release.
2025-06-05 16:38:19,099 - INFO - Loading pretrained weights from url (https://github.com/rwightman/pytorch-image-models/releases/download/v0.1-weights/wide_resnet50_racm-8234f177.pth)
2025-06-05 16:38:19,519 - INFO - pin_model 家更JΘ\
2025-06-05 16:38:19,520 - WARNING - FeatureExtractor is deprecated. Use TimmFeatureExtractor instead. Both FeatureExtractor and TimmFeatureExtractor will be removed in a future release.
2025-06-05 16:38:20,437 - INFO - Loading pretrained weights from url (https://github.com/rwightman/pytorch-image-models/releases/download/v0.1-weights/wide_resnet50_racm-8234f177.pth)
2025-06-05 16:38:20,674 - INFO - pin_model_1 家更JΘ\
2025-06-05 16:38:20,674 - WARNING - FeatureExtractor is deprecated. Use TimmFeatureExtractor instead. Both FeatureExtractor and TimmFeatureExtractor will be removed in a future release.
2025-06-05 16:38:21,597 - INFO - Loading pretrained weights from url (https://github.com/rwightman/pytorch-image-models/releases/download/v0.1-weights/wide_resnet50_racm-8234f177.pth)
2025-06-05 16:38:21,904 - INFO - pin_patchcore_model 家更JΘ\
2025-06-05 16:38:21,904 - WARNING - FeatureExtractor is deprecated. Use TimmFeatureExtractor instead. Both FeatureExtractor and TimmFeatureExtractor will be removed in a future release.
2025-06-05 16:38:22,818 - INFO - Loading pretrained weights from url (https://github.com/rwightman/pytorch-image-models/releases/download/v0.1-weights/wide_resnet50_racm-8234f177.pth)
2025-06-05 16:38:23,041 - INFO - pogo_pin_model 家更JΘ\
2025-06-05 16:38:23,042 - WARNING - FeatureExtractor is deprecated. Use TimmFeatureExtractor instead. Both FeatureExtractor and TimmFeatureExtractor will be removed in a future release.
2025-06-05 16:38:23,973 - INFO - Loading pretrained weights from url (https://github.com/rwightman/pytorch-image-models/releases/download/v0.1-weights/wide_resnet50_racm-8234f177.pth)
2025-06-05 16:38:24,207 - INFO - weld_model 家更JΘ\
