2024-12-27 10:23:17,516 - INFO - 家[更Θ\
2024-12-27 10:23:17,516 - WARNING - FeatureExtractor is deprecated. Use TimmFeatureExtractor instead. Both FeatureExtractor and TimmFeatureExtractor will be removed in a future release.
2024-12-27 10:26:21,150 - INFO - 家[更Θ\
2024-12-27 10:26:21,150 - WARNING - FeatureExtractor is deprecated. Use TimmFeatureExtractor instead. Both FeatureExtractor and TimmFeatureExtractor will be removed in a future release.
2024-12-27 10:26:22,235 - INFO - Loading pretrained weights from url (https://github.com/rwightman/pytorch-image-models/releases/download/v0.1-weights/wide_resnet50_racm-8234f177.pth)
2024-12-27 10:26:22,685 - INFO - con1_fastflow_model 家更JΘ\
2024-12-27 10:26:22,686 - WARNING - FeatureExtractor is deprecated. Use TimmFeatureExtractor instead. Both FeatureExtractor and TimmFeatureExtractor will be removed in a future release.
2024-12-27 10:26:23,606 - INFO - Loading pretrained weights from url (https://github.com/rwightman/pytorch-image-models/releases/download/v0.1-weights/wide_resnet50_racm-8234f177.pth)
2024-12-27 10:26:23,861 - INFO - con1_model 家更JΘ\
2024-12-27 10:26:23,862 - WARNING - FeatureExtractor is deprecated. Use TimmFeatureExtractor instead. Both FeatureExtractor and TimmFeatureExtractor will be removed in a future release.
2024-12-27 10:26:24,806 - INFO - Loading pretrained weights from url (https://github.com/rwightman/pytorch-image-models/releases/download/v0.1-weights/wide_resnet50_racm-8234f177.pth)
2024-12-27 10:26:25,085 - INFO - pin_model 家更JΘ\
2024-12-27 10:26:25,086 - WARNING - FeatureExtractor is deprecated. Use TimmFeatureExtractor instead. Both FeatureExtractor and TimmFeatureExtractor will be removed in a future release.
2024-12-27 10:26:26,045 - INFO - Loading pretrained weights from url (https://github.com/rwightman/pytorch-image-models/releases/download/v0.1-weights/wide_resnet50_racm-8234f177.pth)
2024-12-27 10:26:26,302 - INFO - pin_model_1 家更JΘ\
2024-12-27 10:26:26,303 - WARNING - FeatureExtractor is deprecated. Use TimmFeatureExtractor instead. Both FeatureExtractor and TimmFeatureExtractor will be removed in a future release.
2024-12-27 10:26:27,236 - INFO - Loading pretrained weights from url (https://github.com/rwightman/pytorch-image-models/releases/download/v0.1-weights/wide_resnet50_racm-8234f177.pth)
2024-12-27 10:26:27,565 - INFO - pin_patchcore_model 家更JΘ\
2024-12-27 10:26:27,566 - WARNING - FeatureExtractor is deprecated. Use TimmFeatureExtractor instead. Both FeatureExtractor and TimmFeatureExtractor will be removed in a future release.
2024-12-27 10:26:28,603 - INFO - Loading pretrained weights from url (https://github.com/rwightman/pytorch-image-models/releases/download/v0.1-weights/wide_resnet50_racm-8234f177.pth)
2024-12-27 10:26:28,867 - INFO - pogo_pin_model 家更JΘ\
2024-12-27 10:26:28,867 - WARNING - FeatureExtractor is deprecated. Use TimmFeatureExtractor instead. Both FeatureExtractor and TimmFeatureExtractor will be removed in a future release.
2024-12-27 10:26:29,803 - INFO - Loading pretrained weights from url (https://github.com/rwightman/pytorch-image-models/releases/download/v0.1-weights/wide_resnet50_racm-8234f177.pth)
2024-12-27 10:26:30,021 - INFO - weld_model 家更JΘ\
2024-12-27 10:27:08,559 - INFO - 家[更Θ\
2024-12-27 10:27:08,560 - WARNING - FeatureExtractor is deprecated. Use TimmFeatureExtractor instead. Both FeatureExtractor and TimmFeatureExtractor will be removed in a future release.
2024-12-27 10:27:09,535 - INFO - Loading pretrained weights from url (https://github.com/rwightman/pytorch-image-models/releases/download/v0.1-weights/wide_resnet50_racm-8234f177.pth)
2024-12-27 10:27:09,739 - INFO - con1_fastflow_model 家更JΘ\
2024-12-27 10:27:09,739 - WARNING - FeatureExtractor is deprecated. Use TimmFeatureExtractor instead. Both FeatureExtractor and TimmFeatureExtractor will be removed in a future release.
2024-12-27 10:27:10,701 - INFO - Loading pretrained weights from url (https://github.com/rwightman/pytorch-image-models/releases/download/v0.1-weights/wide_resnet50_racm-8234f177.pth)
2024-12-27 10:27:10,919 - INFO - con1_model 家更JΘ\
2024-12-27 10:27:10,919 - WARNING - FeatureExtractor is deprecated. Use TimmFeatureExtractor instead. Both FeatureExtractor and TimmFeatureExtractor will be removed in a future release.
2024-12-27 10:27:11,847 - INFO - Loading pretrained weights from url (https://github.com/rwightman/pytorch-image-models/releases/download/v0.1-weights/wide_resnet50_racm-8234f177.pth)
2024-12-27 10:27:12,043 - INFO - pin_model 家更JΘ\
2024-12-27 10:27:12,044 - WARNING - FeatureExtractor is deprecated. Use TimmFeatureExtractor instead. Both FeatureExtractor and TimmFeatureExtractor will be removed in a future release.
2024-12-27 10:27:12,957 - INFO - Loading pretrained weights from url (https://github.com/rwightman/pytorch-image-models/releases/download/v0.1-weights/wide_resnet50_racm-8234f177.pth)
2024-12-27 10:27:13,145 - INFO - pin_model_1 家更JΘ\
2024-12-27 10:27:13,145 - WARNING - FeatureExtractor is deprecated. Use TimmFeatureExtractor instead. Both FeatureExtractor and TimmFeatureExtractor will be removed in a future release.
2024-12-27 10:27:14,068 - INFO - Loading pretrained weights from url (https://github.com/rwightman/pytorch-image-models/releases/download/v0.1-weights/wide_resnet50_racm-8234f177.pth)
2024-12-27 10:27:14,297 - INFO - pin_patchcore_model 家更JΘ\
2024-12-27 10:27:14,297 - WARNING - FeatureExtractor is deprecated. Use TimmFeatureExtractor instead. Both FeatureExtractor and TimmFeatureExtractor will be removed in a future release.
2024-12-27 10:27:15,319 - INFO - Loading pretrained weights from url (https://github.com/rwightman/pytorch-image-models/releases/download/v0.1-weights/wide_resnet50_racm-8234f177.pth)
2024-12-27 10:27:15,522 - INFO - pogo_pin_model 家更JΘ\
2024-12-27 10:27:15,522 - WARNING - FeatureExtractor is deprecated. Use TimmFeatureExtractor instead. Both FeatureExtractor and TimmFeatureExtractor will be removed in a future release.
2024-12-27 10:27:16,445 - INFO - Loading pretrained weights from url (https://github.com/rwightman/pytorch-image-models/releases/download/v0.1-weights/wide_resnet50_racm-8234f177.pth)
2024-12-27 10:27:16,624 - INFO - weld_model 家更JΘ\
2024-12-27 10:27:50,339 - ERROR - 磅婀L{いoネ岿~: Sizes of tensors must match except in dimension 1. Expected size 46 but got size 45 for tensor number 1 in the list.
2024-12-27 10:32:19,024 - INFO - 家[更Θ\
2024-12-27 10:32:19,025 - WARNING - FeatureExtractor is deprecated. Use TimmFeatureExtractor instead. Both FeatureExtractor and TimmFeatureExtractor will be removed in a future release.
2024-12-27 10:32:20,007 - INFO - Loading pretrained weights from url (https://github.com/rwightman/pytorch-image-models/releases/download/v0.1-weights/wide_resnet50_racm-8234f177.pth)
2024-12-27 10:32:20,220 - INFO - con1_fastflow_model 家更JΘ\
2024-12-27 10:32:20,221 - WARNING - FeatureExtractor is deprecated. Use TimmFeatureExtractor instead. Both FeatureExtractor and TimmFeatureExtractor will be removed in a future release.
2024-12-27 10:32:21,140 - INFO - Loading pretrained weights from url (https://github.com/rwightman/pytorch-image-models/releases/download/v0.1-weights/wide_resnet50_racm-8234f177.pth)
2024-12-27 10:32:21,359 - INFO - con1_model 家更JΘ\
2024-12-27 10:32:21,359 - WARNING - FeatureExtractor is deprecated. Use TimmFeatureExtractor instead. Both FeatureExtractor and TimmFeatureExtractor will be removed in a future release.
2024-12-27 10:32:22,318 - INFO - Loading pretrained weights from url (https://github.com/rwightman/pytorch-image-models/releases/download/v0.1-weights/wide_resnet50_racm-8234f177.pth)
2024-12-27 10:32:22,516 - INFO - pin_model 家更JΘ\
2024-12-27 10:32:22,517 - WARNING - FeatureExtractor is deprecated. Use TimmFeatureExtractor instead. Both FeatureExtractor and TimmFeatureExtractor will be removed in a future release.
2024-12-27 10:32:23,455 - INFO - Loading pretrained weights from url (https://github.com/rwightman/pytorch-image-models/releases/download/v0.1-weights/wide_resnet50_racm-8234f177.pth)
2024-12-27 10:32:23,645 - INFO - pin_model_1 家更JΘ\
2024-12-27 10:32:23,646 - WARNING - FeatureExtractor is deprecated. Use TimmFeatureExtractor instead. Both FeatureExtractor and TimmFeatureExtractor will be removed in a future release.
2024-12-27 10:32:24,571 - INFO - Loading pretrained weights from url (https://github.com/rwightman/pytorch-image-models/releases/download/v0.1-weights/wide_resnet50_racm-8234f177.pth)
2024-12-27 10:32:24,792 - INFO - pin_patchcore_model 家更JΘ\
2024-12-27 10:32:24,792 - WARNING - FeatureExtractor is deprecated. Use TimmFeatureExtractor instead. Both FeatureExtractor and TimmFeatureExtractor will be removed in a future release.
2024-12-27 10:32:25,821 - INFO - Loading pretrained weights from url (https://github.com/rwightman/pytorch-image-models/releases/download/v0.1-weights/wide_resnet50_racm-8234f177.pth)
2024-12-27 10:32:26,024 - INFO - pogo_pin_model 家更JΘ\
2024-12-27 10:32:26,025 - WARNING - FeatureExtractor is deprecated. Use TimmFeatureExtractor instead. Both FeatureExtractor and TimmFeatureExtractor will be removed in a future release.
2024-12-27 10:32:26,970 - INFO - Loading pretrained weights from url (https://github.com/rwightman/pytorch-image-models/releases/download/v0.1-weights/wide_resnet50_racm-8234f177.pth)
2024-12-27 10:32:27,151 - INFO - weld_model 家更JΘ\
2024-12-27 10:36:04,089 - INFO - 家[更Θ\
2024-12-27 10:36:04,090 - WARNING - FeatureExtractor is deprecated. Use TimmFeatureExtractor instead. Both FeatureExtractor and TimmFeatureExtractor will be removed in a future release.
2024-12-27 10:36:05,073 - INFO - Loading pretrained weights from url (https://github.com/rwightman/pytorch-image-models/releases/download/v0.1-weights/wide_resnet50_racm-8234f177.pth)
2024-12-27 10:36:05,286 - INFO - con1_fastflow_model 家更JΘ\
2024-12-27 10:36:05,286 - WARNING - FeatureExtractor is deprecated. Use TimmFeatureExtractor instead. Both FeatureExtractor and TimmFeatureExtractor will be removed in a future release.
2024-12-27 10:36:06,199 - INFO - Loading pretrained weights from url (https://github.com/rwightman/pytorch-image-models/releases/download/v0.1-weights/wide_resnet50_racm-8234f177.pth)
2024-12-27 10:36:06,389 - INFO - con1_model 家更JΘ\
2024-12-27 10:36:06,390 - WARNING - FeatureExtractor is deprecated. Use TimmFeatureExtractor instead. Both FeatureExtractor and TimmFeatureExtractor will be removed in a future release.
2024-12-27 10:36:07,303 - INFO - Loading pretrained weights from url (https://github.com/rwightman/pytorch-image-models/releases/download/v0.1-weights/wide_resnet50_racm-8234f177.pth)
2024-12-27 10:36:07,501 - INFO - pin_model 家更JΘ\
2024-12-27 10:36:07,501 - WARNING - FeatureExtractor is deprecated. Use TimmFeatureExtractor instead. Both FeatureExtractor and TimmFeatureExtractor will be removed in a future release.
2024-12-27 10:36:08,410 - INFO - Loading pretrained weights from url (https://github.com/rwightman/pytorch-image-models/releases/download/v0.1-weights/wide_resnet50_racm-8234f177.pth)
2024-12-27 10:36:08,599 - INFO - pin_model_1 家更JΘ\
2024-12-27 10:36:08,600 - WARNING - FeatureExtractor is deprecated. Use TimmFeatureExtractor instead. Both FeatureExtractor and TimmFeatureExtractor will be removed in a future release.
2024-12-27 10:36:09,523 - INFO - Loading pretrained weights from url (https://github.com/rwightman/pytorch-image-models/releases/download/v0.1-weights/wide_resnet50_racm-8234f177.pth)
2024-12-27 10:36:09,747 - INFO - pin_patchcore_model 家更JΘ\
2024-12-27 10:36:09,747 - WARNING - FeatureExtractor is deprecated. Use TimmFeatureExtractor instead. Both FeatureExtractor and TimmFeatureExtractor will be removed in a future release.
2024-12-27 10:36:10,766 - INFO - Loading pretrained weights from url (https://github.com/rwightman/pytorch-image-models/releases/download/v0.1-weights/wide_resnet50_racm-8234f177.pth)
2024-12-27 10:36:10,979 - INFO - pogo_pin_model 家更JΘ\
2024-12-27 10:36:10,979 - WARNING - FeatureExtractor is deprecated. Use TimmFeatureExtractor instead. Both FeatureExtractor and TimmFeatureExtractor will be removed in a future release.
2024-12-27 10:36:11,889 - INFO - Loading pretrained weights from url (https://github.com/rwightman/pytorch-image-models/releases/download/v0.1-weights/wide_resnet50_racm-8234f177.pth)
2024-12-27 10:36:12,068 - INFO - weld_model 家更JΘ\
2024-12-27 10:43:21,516 - INFO - 家[更Θ\
2024-12-27 10:43:21,516 - WARNING - FeatureExtractor is deprecated. Use TimmFeatureExtractor instead. Both FeatureExtractor and TimmFeatureExtractor will be removed in a future release.
2024-12-27 10:43:22,593 - INFO - Loading pretrained weights from url (https://github.com/rwightman/pytorch-image-models/releases/download/v0.1-weights/wide_resnet50_racm-8234f177.pth)
2024-12-27 10:43:22,812 - INFO - con1_fastflow_model 家更JΘ\
2024-12-27 10:43:22,812 - WARNING - FeatureExtractor is deprecated. Use TimmFeatureExtractor instead. Both FeatureExtractor and TimmFeatureExtractor will be removed in a future release.
2024-12-27 10:43:23,806 - INFO - Loading pretrained weights from url (https://github.com/rwightman/pytorch-image-models/releases/download/v0.1-weights/wide_resnet50_racm-8234f177.pth)
2024-12-27 10:43:24,025 - INFO - con1_model 家更JΘ\
2024-12-27 10:43:24,026 - WARNING - FeatureExtractor is deprecated. Use TimmFeatureExtractor instead. Both FeatureExtractor and TimmFeatureExtractor will be removed in a future release.
2024-12-27 10:43:24,969 - INFO - Loading pretrained weights from url (https://github.com/rwightman/pytorch-image-models/releases/download/v0.1-weights/wide_resnet50_racm-8234f177.pth)
2024-12-27 10:43:25,177 - INFO - pin_model 家更JΘ\
2024-12-27 10:43:25,177 - WARNING - FeatureExtractor is deprecated. Use TimmFeatureExtractor instead. Both FeatureExtractor and TimmFeatureExtractor will be removed in a future release.
2024-12-27 10:43:26,144 - INFO - Loading pretrained weights from url (https://github.com/rwightman/pytorch-image-models/releases/download/v0.1-weights/wide_resnet50_racm-8234f177.pth)
2024-12-27 10:43:26,353 - INFO - pin_model_1 家更JΘ\
2024-12-27 10:43:26,354 - WARNING - FeatureExtractor is deprecated. Use TimmFeatureExtractor instead. Both FeatureExtractor and TimmFeatureExtractor will be removed in a future release.
2024-12-27 10:43:27,296 - INFO - Loading pretrained weights from url (https://github.com/rwightman/pytorch-image-models/releases/download/v0.1-weights/wide_resnet50_racm-8234f177.pth)
2024-12-27 10:43:27,521 - INFO - pin_patchcore_model 家更JΘ\
2024-12-27 10:43:27,522 - WARNING - FeatureExtractor is deprecated. Use TimmFeatureExtractor instead. Both FeatureExtractor and TimmFeatureExtractor will be removed in a future release.
2024-12-27 10:43:28,556 - INFO - Loading pretrained weights from url (https://github.com/rwightman/pytorch-image-models/releases/download/v0.1-weights/wide_resnet50_racm-8234f177.pth)
2024-12-27 10:43:28,767 - INFO - pogo_pin_model 家更JΘ\
2024-12-27 10:43:28,768 - WARNING - FeatureExtractor is deprecated. Use TimmFeatureExtractor instead. Both FeatureExtractor and TimmFeatureExtractor will be removed in a future release.
2024-12-27 10:43:29,698 - INFO - Loading pretrained weights from url (https://github.com/rwightman/pytorch-image-models/releases/download/v0.1-weights/wide_resnet50_racm-8234f177.pth)
2024-12-27 10:43:29,875 - INFO - weld_model 家更JΘ\
