2024-12-19 14:18:41,554 - INFO - 家[更Θ\
2024-12-19 14:18:41,555 - WARNING - FeatureExtractor is deprecated. Use TimmFeatureExtractor instead. Both FeatureExtractor and TimmFeatureExtractor will be removed in a future release.
2024-12-19 14:18:42,951 - INFO - Loading pretrained weights from url (https://github.com/rwightman/pytorch-image-models/releases/download/v0.1-weights/wide_resnet50_racm-8234f177.pth)
2024-12-19 14:18:43,293 - INFO - con1_fastflow_model 家更JΘ\
2024-12-19 14:18:43,294 - WARNING - FeatureExtractor is deprecated. Use TimmFeatureExtractor instead. Both FeatureExtractor and TimmFeatureExtractor will be removed in a future release.
2024-12-19 14:18:44,602 - INFO - Loading pretrained weights from url (https://github.com/rwightman/pytorch-image-models/releases/download/v0.1-weights/wide_resnet50_racm-8234f177.pth)
2024-12-19 14:18:44,860 - INFO - con1_model 家更JΘ\
2024-12-19 14:18:44,861 - WARNING - FeatureExtractor is deprecated. Use TimmFeatureExtractor instead. Both FeatureExtractor and TimmFeatureExtractor will be removed in a future release.
2024-12-19 14:18:46,194 - INFO - Loading pretrained weights from url (https://github.com/rwightman/pytorch-image-models/releases/download/v0.1-weights/wide_resnet50_racm-8234f177.pth)
2024-12-19 14:18:46,555 - INFO - pin_model 家更JΘ\
2024-12-19 14:18:46,556 - WARNING - FeatureExtractor is deprecated. Use TimmFeatureExtractor instead. Both FeatureExtractor and TimmFeatureExtractor will be removed in a future release.
2024-12-19 14:18:47,862 - INFO - Loading pretrained weights from url (https://github.com/rwightman/pytorch-image-models/releases/download/v0.1-weights/wide_resnet50_racm-8234f177.pth)
2024-12-19 14:18:48,183 - INFO - pin_model_1 家更JΘ\
2024-12-19 14:18:48,184 - WARNING - FeatureExtractor is deprecated. Use TimmFeatureExtractor instead. Both FeatureExtractor and TimmFeatureExtractor will be removed in a future release.
2024-12-19 14:18:49,535 - INFO - Loading pretrained weights from url (https://github.com/rwightman/pytorch-image-models/releases/download/v0.1-weights/wide_resnet50_racm-8234f177.pth)
2024-12-19 14:18:49,934 - INFO - pin_patchcore_model 家更JΘ\
2024-12-19 14:18:49,935 - WARNING - FeatureExtractor is deprecated. Use TimmFeatureExtractor instead. Both FeatureExtractor and TimmFeatureExtractor will be removed in a future release.
2024-12-19 14:18:51,368 - INFO - Loading pretrained weights from url (https://github.com/rwightman/pytorch-image-models/releases/download/v0.1-weights/wide_resnet50_racm-8234f177.pth)
2024-12-19 14:18:51,705 - INFO - pogo_pin_model 家更JΘ\
2024-12-19 14:18:51,706 - WARNING - FeatureExtractor is deprecated. Use TimmFeatureExtractor instead. Both FeatureExtractor and TimmFeatureExtractor will be removed in a future release.
2024-12-19 14:18:53,032 - INFO - Loading pretrained weights from url (https://github.com/rwightman/pytorch-image-models/releases/download/v0.1-weights/wide_resnet50_racm-8234f177.pth)
2024-12-19 14:18:53,332 - INFO - weld_model 家更JΘ\
2024-12-19 14:25:21,036 - INFO - 家[更Θ\
2024-12-19 14:25:21,037 - WARNING - FeatureExtractor is deprecated. Use TimmFeatureExtractor instead. Both FeatureExtractor and TimmFeatureExtractor will be removed in a future release.
2024-12-19 14:25:22,424 - INFO - Loading pretrained weights from url (https://github.com/rwightman/pytorch-image-models/releases/download/v0.1-weights/wide_resnet50_racm-8234f177.pth)
2024-12-19 14:25:22,685 - INFO - con1_fastflow_model 家更JΘ\
2024-12-19 14:25:22,685 - WARNING - FeatureExtractor is deprecated. Use TimmFeatureExtractor instead. Both FeatureExtractor and TimmFeatureExtractor will be removed in a future release.
2024-12-19 14:25:23,990 - INFO - Loading pretrained weights from url (https://github.com/rwightman/pytorch-image-models/releases/download/v0.1-weights/wide_resnet50_racm-8234f177.pth)
2024-12-19 14:25:24,244 - INFO - con1_model 家更JΘ\
2024-12-19 14:25:24,245 - WARNING - FeatureExtractor is deprecated. Use TimmFeatureExtractor instead. Both FeatureExtractor and TimmFeatureExtractor will be removed in a future release.
2024-12-19 14:25:25,605 - INFO - Loading pretrained weights from url (https://github.com/rwightman/pytorch-image-models/releases/download/v0.1-weights/wide_resnet50_racm-8234f177.pth)
2024-12-19 14:25:25,855 - INFO - pin_model 家更JΘ\
2024-12-19 14:25:25,856 - WARNING - FeatureExtractor is deprecated. Use TimmFeatureExtractor instead. Both FeatureExtractor and TimmFeatureExtractor will be removed in a future release.
2024-12-19 14:25:27,142 - INFO - Loading pretrained weights from url (https://github.com/rwightman/pytorch-image-models/releases/download/v0.1-weights/wide_resnet50_racm-8234f177.pth)
2024-12-19 14:25:27,380 - INFO - pin_model_1 家更JΘ\
2024-12-19 14:25:27,380 - WARNING - FeatureExtractor is deprecated. Use TimmFeatureExtractor instead. Both FeatureExtractor and TimmFeatureExtractor will be removed in a future release.
2024-12-19 14:25:28,675 - INFO - Loading pretrained weights from url (https://github.com/rwightman/pytorch-image-models/releases/download/v0.1-weights/wide_resnet50_racm-8234f177.pth)
2024-12-19 14:25:28,961 - INFO - pin_patchcore_model 家更JΘ\
2024-12-19 14:25:28,961 - WARNING - FeatureExtractor is deprecated. Use TimmFeatureExtractor instead. Both FeatureExtractor and TimmFeatureExtractor will be removed in a future release.
2024-12-19 14:25:30,395 - INFO - Loading pretrained weights from url (https://github.com/rwightman/pytorch-image-models/releases/download/v0.1-weights/wide_resnet50_racm-8234f177.pth)
2024-12-19 14:25:30,658 - INFO - pogo_pin_model 家更JΘ\
2024-12-19 14:25:30,658 - WARNING - FeatureExtractor is deprecated. Use TimmFeatureExtractor instead. Both FeatureExtractor and TimmFeatureExtractor will be removed in a future release.
2024-12-19 14:25:31,967 - INFO - Loading pretrained weights from url (https://github.com/rwightman/pytorch-image-models/releases/download/v0.1-weights/wide_resnet50_racm-8234f177.pth)
2024-12-19 14:25:32,221 - INFO - weld_model 家更JΘ\
