2024-12-10 15:19:11,575 - INFO - 家[更Θ\
2024-12-10 15:19:11,667 - INFO - Loading pretrained weights from url (https://download.pytorch.org/models/resnet18-5c106cde.pth)
2024-12-10 15:19:11,843 - INFO - con1_model 家更JΘ\
2024-12-10 15:19:11,924 - INFO - Loading pretrained weights from url (https://download.pytorch.org/models/resnet18-5c106cde.pth)
2024-12-10 15:19:12,081 - INFO - pogo_pin_model 家更JΘ\
2024-12-10 15:19:12,161 - INFO - Loading pretrained weights from url (https://download.pytorch.org/models/resnet18-5c106cde.pth)
2024-12-10 15:19:12,314 - INFO - weld_model 家更JΘ\
2024-12-10 15:19:44,219 - INFO - 家[更Θ\
2024-12-10 15:19:44,318 - INFO - Loading pretrained weights from url (https://download.pytorch.org/models/resnet18-5c106cde.pth)
2024-12-10 15:19:44,533 - INFO - con1_model 家更JΘ\
2024-12-10 15:19:44,656 - INFO - Loading pretrained weights from url (https://download.pytorch.org/models/resnet18-5c106cde.pth)
2024-12-10 15:19:44,856 - INFO - pogo_pin_model 家更JΘ\
2024-12-10 15:19:44,939 - INFO - Loading pretrained weights from url (https://download.pytorch.org/models/resnet18-5c106cde.pth)
2024-12-10 15:19:45,138 - INFO - weld_model 家更JΘ\
2024-12-10 15:21:52,502 - INFO - 家[更Θ\
2024-12-10 15:21:52,593 - INFO - Loading pretrained weights from url (https://download.pytorch.org/models/resnet18-5c106cde.pth)
2024-12-10 15:21:52,762 - INFO - con1_model 家更JΘ\
2024-12-10 15:21:52,843 - INFO - Loading pretrained weights from url (https://download.pytorch.org/models/resnet18-5c106cde.pth)
2024-12-10 15:21:52,997 - INFO - pogo_pin_model 家更JΘ\
2024-12-10 15:21:53,078 - INFO - Loading pretrained weights from url (https://download.pytorch.org/models/resnet18-5c106cde.pth)
2024-12-10 15:21:53,230 - INFO - weld_model 家更JΘ\
2024-12-10 15:23:18,641 - INFO - 家[更Θ\
2024-12-10 15:23:18,731 - INFO - Loading pretrained weights from url (https://download.pytorch.org/models/resnet18-5c106cde.pth)
2024-12-10 15:23:18,901 - INFO - con1_model 家更JΘ\
2024-12-10 15:23:18,981 - INFO - Loading pretrained weights from url (https://download.pytorch.org/models/resnet18-5c106cde.pth)
2024-12-10 15:23:19,141 - INFO - pogo_pin_model 家更JΘ\
2024-12-10 15:23:19,222 - INFO - Loading pretrained weights from url (https://download.pytorch.org/models/resnet18-5c106cde.pth)
2024-12-10 15:23:19,379 - INFO - weld_model 家更JΘ\
2024-12-10 15:25:50,901 - INFO - 家[更Θ\
2024-12-10 15:25:50,993 - INFO - Loading pretrained weights from url (https://download.pytorch.org/models/resnet18-5c106cde.pth)
2024-12-10 15:25:51,161 - INFO - con1_model 家更JΘ\
2024-12-10 15:25:51,240 - INFO - Loading pretrained weights from url (https://download.pytorch.org/models/resnet18-5c106cde.pth)
2024-12-10 15:25:51,402 - INFO - pogo_pin_model 家更JΘ\
2024-12-10 15:25:51,487 - INFO - Loading pretrained weights from url (https://download.pytorch.org/models/resnet18-5c106cde.pth)
2024-12-10 15:25:51,646 - INFO - weld_model 家更JΘ\
2024-12-10 15:34:59,349 - INFO - 家[更Θ\
2024-12-10 15:34:59,441 - INFO - Loading pretrained weights from url (https://download.pytorch.org/models/resnet18-5c106cde.pth)
2024-12-10 15:34:59,612 - INFO - con1_model 家更JΘ\
2024-12-10 15:34:59,693 - INFO - Loading pretrained weights from url (https://download.pytorch.org/models/resnet18-5c106cde.pth)
2024-12-10 15:34:59,848 - INFO - pogo_pin_model 家更JΘ\
2024-12-10 15:34:59,929 - INFO - Loading pretrained weights from url (https://download.pytorch.org/models/resnet18-5c106cde.pth)
2024-12-10 15:35:00,126 - INFO - weld_model 家更JΘ\
2024-12-10 15:40:33,206 - INFO - 家[更Θ\
2024-12-10 15:40:33,294 - INFO - Loading pretrained weights from url (https://download.pytorch.org/models/resnet18-5c106cde.pth)
2024-12-10 15:40:33,463 - INFO - con1_model 家更JΘ\
2024-12-10 15:40:33,557 - INFO - Loading pretrained weights from url (https://download.pytorch.org/models/resnet18-5c106cde.pth)
2024-12-10 15:40:33,712 - INFO - pogo_pin_model 家更JΘ\
2024-12-10 15:40:33,793 - INFO - Loading pretrained weights from url (https://download.pytorch.org/models/resnet18-5c106cde.pth)
2024-12-10 15:40:33,951 - INFO - weld_model 家更JΘ\
2024-12-10 15:41:27,768 - INFO - 家[更Θ\
2024-12-10 15:41:27,857 - INFO - Loading pretrained weights from url (https://download.pytorch.org/models/resnet18-5c106cde.pth)
2024-12-10 15:41:28,027 - INFO - con1_model 家更JΘ\
2024-12-10 15:41:28,108 - INFO - Loading pretrained weights from url (https://download.pytorch.org/models/resnet18-5c106cde.pth)
2024-12-10 15:41:28,275 - INFO - pogo_pin_model 家更JΘ\
2024-12-10 15:41:28,360 - INFO - Loading pretrained weights from url (https://download.pytorch.org/models/resnet18-5c106cde.pth)
2024-12-10 15:41:28,513 - INFO - weld_model 家更JΘ\
2024-12-10 15:43:20,732 - INFO - 家[更Θ\
2024-12-10 15:43:20,822 - INFO - Loading pretrained weights from url (https://download.pytorch.org/models/resnet18-5c106cde.pth)
2024-12-10 15:43:20,992 - INFO - con1_model 家更JΘ\
2024-12-10 15:43:21,074 - INFO - Loading pretrained weights from url (https://download.pytorch.org/models/resnet18-5c106cde.pth)
2024-12-10 15:43:21,225 - INFO - pogo_pin_model 家更JΘ\
2024-12-10 15:43:21,305 - INFO - Loading pretrained weights from url (https://download.pytorch.org/models/resnet18-5c106cde.pth)
2024-12-10 15:43:21,457 - INFO - weld_model 家更JΘ\
2024-12-10 15:51:56,137 - INFO - 家[更Θ\
2024-12-10 15:51:56,226 - INFO - Loading pretrained weights from url (https://download.pytorch.org/models/resnet18-5c106cde.pth)
2024-12-10 15:51:56,401 - INFO - con1_model 家更JΘ\
2024-12-10 15:51:56,481 - INFO - Loading pretrained weights from url (https://download.pytorch.org/models/resnet18-5c106cde.pth)
2024-12-10 15:51:56,636 - INFO - pogo_pin_model 家更JΘ\
2024-12-10 15:51:56,716 - INFO - Loading pretrained weights from url (https://download.pytorch.org/models/resnet18-5c106cde.pth)
2024-12-10 15:51:56,871 - INFO - weld_model 家更JΘ\
2024-12-10 15:57:33,534 - INFO - 家[更Θ\
2024-12-10 15:57:33,625 - INFO - Loading pretrained weights from url (https://download.pytorch.org/models/resnet18-5c106cde.pth)
2024-12-10 15:57:33,796 - INFO - con1_model 家更JΘ\
2024-12-10 15:57:33,876 - INFO - Loading pretrained weights from url (https://download.pytorch.org/models/resnet18-5c106cde.pth)
2024-12-10 15:57:34,030 - INFO - pogo_pin_model 家更JΘ\
2024-12-10 15:57:34,111 - INFO - Loading pretrained weights from url (https://download.pytorch.org/models/resnet18-5c106cde.pth)
2024-12-10 15:57:34,260 - INFO - weld_model 家更JΘ\
