2024-12-12 10:03:55,857 - INFO - 家[更Θ\
2024-12-12 10:03:55,952 - INFO - Loading pretrained weights from url (https://download.pytorch.org/models/resnet18-5c106cde.pth)
2024-12-12 10:03:56,123 - INFO - con1_model 家更JΘ\
2024-12-12 10:03:56,204 - INFO - Loading pretrained weights from url (https://download.pytorch.org/models/resnet18-5c106cde.pth)
2024-12-12 10:03:56,355 - INFO - pogo_pin_model 家更JΘ\
2024-12-12 10:03:56,436 - INFO - Loading pretrained weights from url (https://download.pytorch.org/models/resnet18-5c106cde.pth)
2024-12-12 10:03:56,589 - INFO - weld_model 家更JΘ\
2024-12-12 10:11:29,643 - INFO - 家[更Θ\
2024-12-12 10:11:29,735 - INFO - Loading pretrained weights from url (https://download.pytorch.org/models/resnet18-5c106cde.pth)
2024-12-12 10:11:29,906 - INFO - con1_model 家更JΘ\
2024-12-12 10:11:29,988 - INFO - Loading pretrained weights from url (https://download.pytorch.org/models/resnet18-5c106cde.pth)
2024-12-12 10:11:30,137 - INFO - pogo_pin_model 家更JΘ\
2024-12-12 10:11:30,219 - INFO - Loading pretrained weights from url (https://download.pytorch.org/models/resnet18-5c106cde.pth)
2024-12-12 10:11:30,370 - INFO - weld_model 家更JΘ\
2024-12-12 10:14:29,145 - INFO - 家[更Θ\
2024-12-12 10:14:29,234 - INFO - Loading pretrained weights from url (https://download.pytorch.org/models/resnet18-5c106cde.pth)
2024-12-12 10:14:29,412 - INFO - con1_model 家更JΘ\
2024-12-12 10:14:29,493 - INFO - Loading pretrained weights from url (https://download.pytorch.org/models/resnet18-5c106cde.pth)
2024-12-12 10:14:29,646 - INFO - pogo_pin_model 家更JΘ\
2024-12-12 10:14:29,726 - INFO - Loading pretrained weights from url (https://download.pytorch.org/models/resnet18-5c106cde.pth)
2024-12-12 10:14:29,881 - INFO - weld_model 家更JΘ\
