2024-12-30 09:41:45,966 - INFO - 家[更Θ\
2024-12-30 09:41:45,967 - WARNING - FeatureExtractor is deprecated. Use TimmFeatureExtractor instead. Both FeatureExtractor and TimmFeatureExtractor will be removed in a future release.
2024-12-30 09:41:46,995 - INFO - Loading pretrained weights from url (https://github.com/rwightman/pytorch-image-models/releases/download/v0.1-weights/wide_resnet50_racm-8234f177.pth)
2024-12-30 09:41:47,476 - INFO - con1_fastflow_model 家更JΘ\
2024-12-30 09:41:47,477 - WARNING - FeatureExtractor is deprecated. Use TimmFeatureExtractor instead. Both FeatureExtractor and TimmFeatureExtractor will be removed in a future release.
2024-12-30 09:41:48,445 - INFO - Loading pretrained weights from url (https://github.com/rwightman/pytorch-image-models/releases/download/v0.1-weights/wide_resnet50_racm-8234f177.pth)
2024-12-30 09:41:48,702 - INFO - con1_model 家更JΘ\
2024-12-30 09:41:48,703 - WARNING - FeatureExtractor is deprecated. Use TimmFeatureExtractor instead. Both FeatureExtractor and TimmFeatureExtractor will be removed in a future release.
2024-12-30 09:41:49,603 - INFO - Loading pretrained weights from url (https://github.com/rwightman/pytorch-image-models/releases/download/v0.1-weights/wide_resnet50_racm-8234f177.pth)
2024-12-30 09:41:50,609 - INFO - con1_v6_model 家更JΘ\
2024-12-30 09:41:50,610 - WARNING - FeatureExtractor is deprecated. Use TimmFeatureExtractor instead. Both FeatureExtractor and TimmFeatureExtractor will be removed in a future release.
2024-12-30 09:41:51,689 - INFO - Loading pretrained weights from url (https://github.com/rwightman/pytorch-image-models/releases/download/v0.1-weights/wide_resnet50_racm-8234f177.pth)
2024-12-30 09:41:51,992 - INFO - pin_model 家更JΘ\
2024-12-30 09:41:51,993 - WARNING - FeatureExtractor is deprecated. Use TimmFeatureExtractor instead. Both FeatureExtractor and TimmFeatureExtractor will be removed in a future release.
2024-12-30 09:41:52,975 - INFO - Loading pretrained weights from url (https://github.com/rwightman/pytorch-image-models/releases/download/v0.1-weights/wide_resnet50_racm-8234f177.pth)
2024-12-30 09:41:53,219 - INFO - pin_model_1 家更JΘ\
2024-12-30 09:41:53,219 - WARNING - FeatureExtractor is deprecated. Use TimmFeatureExtractor instead. Both FeatureExtractor and TimmFeatureExtractor will be removed in a future release.
2024-12-30 09:41:54,162 - INFO - Loading pretrained weights from url (https://github.com/rwightman/pytorch-image-models/releases/download/v0.1-weights/wide_resnet50_racm-8234f177.pth)
2024-12-30 09:41:54,615 - INFO - pin_patchcore_model 家更JΘ\
2024-12-30 09:41:54,616 - WARNING - FeatureExtractor is deprecated. Use TimmFeatureExtractor instead. Both FeatureExtractor and TimmFeatureExtractor will be removed in a future release.
2024-12-30 09:41:55,536 - INFO - Loading pretrained weights from url (https://github.com/rwightman/pytorch-image-models/releases/download/v0.1-weights/wide_resnet50_racm-8234f177.pth)
2024-12-30 09:41:55,791 - INFO - pogo_pin_model 家更JΘ\
2024-12-30 09:41:55,791 - WARNING - FeatureExtractor is deprecated. Use TimmFeatureExtractor instead. Both FeatureExtractor and TimmFeatureExtractor will be removed in a future release.
2024-12-30 09:41:56,709 - INFO - Loading pretrained weights from url (https://github.com/rwightman/pytorch-image-models/releases/download/v0.1-weights/wide_resnet50_racm-8234f177.pth)
2024-12-30 09:41:56,936 - INFO - weld_model 家更JΘ\
2024-12-30 09:42:25,228 - INFO - 家[更Θ\
2024-12-30 09:42:25,229 - WARNING - FeatureExtractor is deprecated. Use TimmFeatureExtractor instead. Both FeatureExtractor and TimmFeatureExtractor will be removed in a future release.
2024-12-30 09:42:26,197 - INFO - Loading pretrained weights from url (https://github.com/rwightman/pytorch-image-models/releases/download/v0.1-weights/wide_resnet50_racm-8234f177.pth)
2024-12-30 09:42:26,401 - INFO - con1_fastflow_model 家更JΘ\
2024-12-30 09:42:26,401 - WARNING - FeatureExtractor is deprecated. Use TimmFeatureExtractor instead. Both FeatureExtractor and TimmFeatureExtractor will be removed in a future release.
2024-12-30 09:42:27,307 - INFO - Loading pretrained weights from url (https://github.com/rwightman/pytorch-image-models/releases/download/v0.1-weights/wide_resnet50_racm-8234f177.pth)
2024-12-30 09:42:27,492 - INFO - con1_model 家更JΘ\
2024-12-30 09:42:27,493 - WARNING - FeatureExtractor is deprecated. Use TimmFeatureExtractor instead. Both FeatureExtractor and TimmFeatureExtractor will be removed in a future release.
2024-12-30 09:42:28,392 - INFO - Loading pretrained weights from url (https://github.com/rwightman/pytorch-image-models/releases/download/v0.1-weights/wide_resnet50_racm-8234f177.pth)
2024-12-30 09:42:28,922 - INFO - con1_v6_model 家更JΘ\
2024-12-30 09:42:28,923 - WARNING - FeatureExtractor is deprecated. Use TimmFeatureExtractor instead. Both FeatureExtractor and TimmFeatureExtractor will be removed in a future release.
2024-12-30 09:42:29,844 - INFO - Loading pretrained weights from url (https://github.com/rwightman/pytorch-image-models/releases/download/v0.1-weights/wide_resnet50_racm-8234f177.pth)
2024-12-30 09:42:30,058 - INFO - pin_model 家更JΘ\
2024-12-30 09:42:30,059 - WARNING - FeatureExtractor is deprecated. Use TimmFeatureExtractor instead. Both FeatureExtractor and TimmFeatureExtractor will be removed in a future release.
2024-12-30 09:42:30,979 - INFO - Loading pretrained weights from url (https://github.com/rwightman/pytorch-image-models/releases/download/v0.1-weights/wide_resnet50_racm-8234f177.pth)
2024-12-30 09:42:31,172 - INFO - pin_model_1 家更JΘ\
2024-12-30 09:42:31,172 - WARNING - FeatureExtractor is deprecated. Use TimmFeatureExtractor instead. Both FeatureExtractor and TimmFeatureExtractor will be removed in a future release.
2024-12-30 09:42:32,091 - INFO - Loading pretrained weights from url (https://github.com/rwightman/pytorch-image-models/releases/download/v0.1-weights/wide_resnet50_racm-8234f177.pth)
2024-12-30 09:42:32,439 - INFO - pin_patchcore_model 家更JΘ\
2024-12-30 09:42:32,439 - WARNING - FeatureExtractor is deprecated. Use TimmFeatureExtractor instead. Both FeatureExtractor and TimmFeatureExtractor will be removed in a future release.
2024-12-30 09:42:33,359 - INFO - Loading pretrained weights from url (https://github.com/rwightman/pytorch-image-models/releases/download/v0.1-weights/wide_resnet50_racm-8234f177.pth)
2024-12-30 09:42:33,550 - INFO - pogo_pin_model 家更JΘ\
2024-12-30 09:42:33,550 - WARNING - FeatureExtractor is deprecated. Use TimmFeatureExtractor instead. Both FeatureExtractor and TimmFeatureExtractor will be removed in a future release.
2024-12-30 09:42:34,516 - INFO - Loading pretrained weights from url (https://github.com/rwightman/pytorch-image-models/releases/download/v0.1-weights/wide_resnet50_racm-8234f177.pth)
2024-12-30 09:42:34,698 - INFO - weld_model 家更JΘ\
2024-12-30 10:10:37,913 - INFO - 家[更Θ\
2024-12-30 10:10:37,913 - WARNING - FeatureExtractor is deprecated. Use TimmFeatureExtractor instead. Both FeatureExtractor and TimmFeatureExtractor will be removed in a future release.
2024-12-30 10:10:38,927 - INFO - Loading pretrained weights from url (https://github.com/rwightman/pytorch-image-models/releases/download/v0.1-weights/wide_resnet50_racm-8234f177.pth)
2024-12-30 10:10:39,200 - INFO - con1_fastflow_model 家更JΘ\
2024-12-30 10:10:39,200 - WARNING - FeatureExtractor is deprecated. Use TimmFeatureExtractor instead. Both FeatureExtractor and TimmFeatureExtractor will be removed in a future release.
2024-12-30 10:10:40,121 - INFO - Loading pretrained weights from url (https://github.com/rwightman/pytorch-image-models/releases/download/v0.1-weights/wide_resnet50_racm-8234f177.pth)
2024-12-30 10:10:40,369 - INFO - con1_model 家更JΘ\
2024-12-30 10:10:40,370 - WARNING - FeatureExtractor is deprecated. Use TimmFeatureExtractor instead. Both FeatureExtractor and TimmFeatureExtractor will be removed in a future release.
2024-12-30 10:10:41,284 - INFO - Loading pretrained weights from url (https://github.com/rwightman/pytorch-image-models/releases/download/v0.1-weights/wide_resnet50_racm-8234f177.pth)
2024-12-30 10:10:42,188 - INFO - con1_v6_model 家更JΘ\
2024-12-30 10:10:42,189 - WARNING - FeatureExtractor is deprecated. Use TimmFeatureExtractor instead. Both FeatureExtractor and TimmFeatureExtractor will be removed in a future release.
2024-12-30 10:10:43,197 - INFO - Loading pretrained weights from url (https://github.com/rwightman/pytorch-image-models/releases/download/v0.1-weights/wide_resnet50_racm-8234f177.pth)
2024-12-30 10:10:43,661 - INFO - con1_v8_model 家更JΘ\
2024-12-30 10:10:43,661 - WARNING - FeatureExtractor is deprecated. Use TimmFeatureExtractor instead. Both FeatureExtractor and TimmFeatureExtractor will be removed in a future release.
2024-12-30 10:10:44,593 - INFO - Loading pretrained weights from url (https://github.com/rwightman/pytorch-image-models/releases/download/v0.1-weights/wide_resnet50_racm-8234f177.pth)
2024-12-30 10:10:44,894 - INFO - pin_model 家更JΘ\
2024-12-30 10:10:44,894 - WARNING - FeatureExtractor is deprecated. Use TimmFeatureExtractor instead. Both FeatureExtractor and TimmFeatureExtractor will be removed in a future release.
2024-12-30 10:10:45,817 - INFO - Loading pretrained weights from url (https://github.com/rwightman/pytorch-image-models/releases/download/v0.1-weights/wide_resnet50_racm-8234f177.pth)
2024-12-30 10:10:46,185 - INFO - pin_model_1 家更JΘ\
2024-12-30 10:10:46,185 - WARNING - FeatureExtractor is deprecated. Use TimmFeatureExtractor instead. Both FeatureExtractor and TimmFeatureExtractor will be removed in a future release.
2024-12-30 10:10:47,126 - INFO - Loading pretrained weights from url (https://github.com/rwightman/pytorch-image-models/releases/download/v0.1-weights/wide_resnet50_racm-8234f177.pth)
2024-12-30 10:10:47,463 - INFO - pin_patchcore_model 家更JΘ\
2024-12-30 10:10:47,464 - WARNING - FeatureExtractor is deprecated. Use TimmFeatureExtractor instead. Both FeatureExtractor and TimmFeatureExtractor will be removed in a future release.
2024-12-30 10:10:48,385 - INFO - Loading pretrained weights from url (https://github.com/rwightman/pytorch-image-models/releases/download/v0.1-weights/wide_resnet50_racm-8234f177.pth)
2024-12-30 10:10:48,651 - INFO - pogo_pin_model 家更JΘ\
2024-12-30 10:10:48,651 - WARNING - FeatureExtractor is deprecated. Use TimmFeatureExtractor instead. Both FeatureExtractor and TimmFeatureExtractor will be removed in a future release.
2024-12-30 10:10:49,842 - INFO - Loading pretrained weights from url (https://github.com/rwightman/pytorch-image-models/releases/download/v0.1-weights/wide_resnet50_racm-8234f177.pth)
2024-12-30 10:10:50,163 - INFO - weld_model 家更JΘ\
